16.9916 0 7.43806 0
14.5687 2.42285 7.91549 0.477438 
14.3021 1.42403 6.65807 1.28729 
13.3506 1.38538 6.55523 0.91604 
13.6351 1.1102 6.41584 0.723122 
13.919 0.949885 6.44665 0.59123 
14.3718 0.921684 6.18802 0.562646 
14.4284 0.800205 6.16151 0.487986 
14.5811 0.722051 6.07694 0.438595 
14.7996 0.681791 6.01929 0.396504 
14.6351 0.638278 6.08111 0.36394 
14.8515 0.621547 6.08399 0.332243 
14.7658 0.578125 6.032 0.310009 
14.6326 0.551558 6.01087 0.28779 
14.6152 0.513768 5.98845 0.268853 
14.7443 0.497619 6.03364 0.255517 
14.8206 0.473619 5.9256 0.263214 
14.8667 0.448911 5.88235 0.251901 
14.9152 0.427383 5.81354 0.248011 
14.9128 0.405458 5.77748 0.238032 
14.9699 0.389872 5.73448 0.230459 
14.9887 0.372204 5.678 0.226878 
14.9779 0.355816 5.64506 0.219277 
14.9695 0.340772 5.59282 0.216344 
14.8178 0.360347 5.6454 0.214067 
14.9118 0.358764 5.5955 0.211636 
14.8926 0.345755 5.58746 0.203806 
14.8654 0.334292 5.57839 0.196601 
14.8602 0.3226 5.5214 0.198078 
14.8789 0.312222 5.53773 0.192057 
14.8775 0.301985 5.53599 0.185766 
14.8543 0.293313 5.54737 0.180228 
14.9104 0.289768 5.51748 0.17722 
14.9532 0.28435 5.52086 0.171962 
14.9695 0.276587 5.4833 0.171148 
15.0319 0.275948 5.46765 0.167061 
15.0136 0.269012 5.44878 0.163575 
15.0532 0.264818 5.40639 0.164757 
14.9172 0.291602 5.46063 0.169395 
14.9215 0.284251 5.46528 0.165172 
14.982 0.283757 5.45641 0.161337 
15.0715 0.291021 5.41488 0.162834 
15.0686 0.284188 5.42835 0.159571 
15.1014 0.279587 5.40856 0.157153 
15.1005 0.273305 5.39451 0.154263 
15.0591 0.270476 5.40861 0.151529 
15.0749 0.26513 5.41607 0.148457 
15.1221 0.263799 5.3936 0.147057 
15.0926 0.260034 5.40913 0.144859 
15.1124 0.255545 5.40753 0.141942 
15.109 0.250508 5.39394 0.139792 
15.1164 0.245753 5.37822 0.137976 
15.0933 0.242171 5.41968 0.141554 
15.0475 0.242011 5.43475 0.139723 
15.0702 0.238652 5.44438 0.137497 
14.9955 0.245989 5.47872 0.139318 
14.9712 0.24285 5.49192 0.137486 
14.9233 0.24338 5.48726 0.135175 
14.9374 0.239631 5.50141 0.133616 
14.8992 0.238679 5.51093 0.131714 
14.9041 0.234785 5.51323 0.129558 
14.9226 0.231705 5.51941 0.127601 
14.9395 0.228628 5.52532 0.125698 
14.9237 0.225581 5.52223 0.123757 
14.9349 0.222367 5.49523 0.124794 
14.9366 0.218978 5.48764 0.123123 
14.9063 0.217807 5.49921 0.121821 
14.9439 0.217853 5.51057 0.120553 
15.0172 0.226831 5.48434 0.121655 
15.0099 0.223686 5.47086 0.120659 
14.9769 0.222965 5.46284 0.119217 
14.9724 0.219892 5.46503 0.11757 
15.0264 0.223479 5.4499 0.116931 
14.9856 0.224182 5.46657 0.116539 
15.0061 0.222122 5.49083 0.117507 
14.994 0.219519 5.50158 0.116448 
15.0124 0.217434 5.49434 0.115153 
14.9868 0.216153 5.51104 0.114887 
14.9838 0.21342 5.48034 0.117503 
14.9946 0.211011 5.48295 0.116055 
15.0566 0.217403 5.45726 0.117456 
15.0519 0.214787 5.47016 0.116729 
15.0576 0.212259 5.48437 0.116187 
15.0327 0.211186 5.47733 0.115011 
15.0286 0.208726 5.48196 0.113744 
14.9942 0.209144 5.51579 0.117392 
15.0077 0.207169 5.49386 0.118088 
15.0237 0.205428 5.48439 0.117122 
15.0524 0.205117 5.48483 0.115799 
15.0454 0.202946 5.48924 0.11459 
15.0621 0.201396 5.488 0.11333 
15.0124 0.205312 5.50401 0.113229 
14.9998 0.203479 5.5301 0.115003 
15.0089 0.201508 5.53086 0.113775 
15.0315 0.200656 5.51936 0.113157 
15.0274 0.198598 5.51818 0.111978 
15.0333 0.196629 5.521 0.110854 
14.9933 0.198679 5.52476 0.109781 
15.0059 0.197063 5.52942 0.108766 
14.9995 0.195186 5.53332 0.107744 
