16.871 0 6.33641 0
15.8678 1.00319 5.50546 0.83095 
15.2099 0.87655 5.75527 0.540892 
14.8295 0.727231 5.79068 0.384104 
14.5807 0.615779 5.96749 0.3461 
14.3825 0.540456 5.87946 0.295985 
14.1979 0.49264 5.74147 0.285685 
14.3227 0.444508 5.52352 0.329716 
14.3015 0.392592 5.50141 0.291622 
14.2667 0.352871 5.47825 0.261861 
14.6469 0.496413 5.37975 0.256524 
14.8066 0.480496 5.24167 0.271855 
14.8103 0.442007 5.29076 0.254844 
14.835 0.409964 5.34573 0.242258 
14.7752 0.386308 5.37414 0.227312 
14.6841 0.372682 5.3887 0.213129 
14.6084 0.358158 5.39118 0.200215 
14.5285 0.346987 5.37113 0.189826 
14.5527 0.329108 5.40704 0.183114 
14.5325 0.312876 5.44542 0.177907 
14.5833 0.301912 5.4571 0.169625 
14.8052 0.363485 5.38864 0.175621 
14.7782 0.348371 5.41065 0.169249 
14.752 0.334567 5.38096 0.164742 
14.6361 0.34122 5.43011 0.165484 
14.7026 0.33451 5.43429 0.159046 
14.6517 0.325875 5.48689 0.161831 
14.6429 0.314145 5.48863 0.155954 
14.7333 0.316317 5.44006 0.158122 
14.7001 0.307392 5.4425 0.15278 
14.8018 0.314242 5.43599 0.147913 
14.805 0.304279 5.39979 0.147719 
14.7962 0.295045 5.37807 0.144811 
14.8321 0.288478 5.38798 0.140837 
14.8369 0.280156 5.36857 0.138125 
14.9359 0.289696 5.37256 0.134292 
14.9178 0.28234 5.37446 0.130626 
14.9226 0.274853 5.32406 0.136767 
14.9516 0.26928 5.32264 0.133222 
14.906 0.266396 5.33558 0.130491 
14.8869 0.260517 5.36445 0.130502 
14.8205 0.262775 5.36183 0.127383 
14.9118 0.272357 5.37145 0.124757 
15.0068 0.282554 5.35769 0.122663 
14.9388 0.284452 5.38863 0.123834 
14.9002 0.280867 5.41629 0.124229 
14.9297 0.276398 5.40885 0.121785 
14.9702 0.273603 5.3992 0.11961 
14.9823 0.268232 5.37584 0.11945 
15.0055 0.263833 5.36576 0.11747 
15.0954 0.2738 5.35565 0.115587 
15.0722 0.269485 5.34818 0.113588 
15.0668 0.264407 5.3423 0.111579 
15.0971 0.261224 5.35081 0.109823 
15.085 0.256714 5.39005 0.114727 
15.0923 0.252195 5.41189 0.114758 
15.1564 0.255875 5.39346 0.114225 
15.1234 0.253573 5.3991 0.11238 
15.1259 0.249251 5.40218 0.110502 
15.1316 0.245127 5.39851 0.108706 
15.163 0.243111 5.39154 0.107137 
15.1557 0.239269 5.39838 0.105616 
15.1182 0.238407 5.39968 0.103934 
15.1178 0.234653 5.39195 0.102589 
15.0838 0.233502 5.38481 0.101251 
15.1229 0.23324 5.38196 0.0997454 
15.1122 0.22998 5.39682 0.0993625 
15.0978 0.227034 5.415 0.0995645 
15.0621 0.22655 5.42223 0.0983767 
15.0762 0.223737 5.4031 0.0988296 
15.0585 0.221273 5.40394 0.0974312 
15.0256 0.220652 5.3882 0.0973485 
14.9972 0.219453 5.38245 0.0961778 
14.9897 0.216597 5.36748 0.0960443 
15.0052 0.214249 5.34504 0.0973741 
15.002 0.211434 5.347 0.0961043 
14.9901 0.209011 5.34696 0.094848 
14.9381 0.212776 5.35899 0.094394 
14.9073 0.212311 5.36362 0.0933061 
14.8713 0.212705 5.36999 0.0923527 
14.8339 0.21337 5.37209 0.0912295 
14.8403 0.21085 5.36211 0.0906607 
14.8748 0.211142 5.344 0.0913742 
14.8559 0.209469 5.33908 0.0904136 
14.8384 0.207733 5.35441 0.0906483 
14.843 0.205356 5.34893 0.0897556 
14.8748 0.20546 5.32867 0.0910013 
14.9132 0.206708 5.31743 0.0906609 
14.9188 0.204448 5.32269 0.0897905 
14.916 0.202182 5.32856 0.0889812 
14.9163 0.199948 5.33438 0.0881905 
14.917 0.197764 5.34882 0.088413 
14.9219 0.195687 5.35121 0.0874898 
14.9156 0.193696 5.35464 0.0866219 
14.9101 0.191726 5.35761 0.0857568 
14.8953 0.190296 5.36517 0.0851946 
14.8625 0.191155 5.36516 0.0843118 
14.8998 0.192834 5.36121 0.0835401 
14.8886 0.191203 5.35693 0.0828032 
14.9363 0.195193 5.34078 0.0835451 
