0.499124   -0.478037   -0.498276
-0.333703   -0.329198   0.496211
-0.496652   -0.317131   -0.331999
-0.33355   0.485048   -0.350733
-0.157849   0.488031   -0.491428
0.0124527   -0.343419   -0.489434
-0.155552   -0.328224   -0.345837
0.00386914   0.493003   -0.331126
0.181867   -0.499964   -0.481251
0.300396   -0.319267   -0.492185
0.15217   -0.325567   -0.322849
0.352032   0.481558   -0.329476
-0.499583   -0.170171   -0.494787
-0.329156   -0.00915263   0.498574
-0.490904   0.00466656   -0.328638
-0.322927   -0.161466   -0.32692
-0.160028   -0.167391   0.489197
0.0222003   0.0121674   0.483899
-0.159463   -0.0141045   -0.345201
-0.00589323   -0.168845   -0.337884
0.172602   -0.150663   -0.495301
0.349494   0.0151069   0.497909
0.145031   0.00662441   -0.34398
0.332422   -0.163672   -0.337921
-0.471654   0.163086   -0.494937
-0.33064   0.346037   0.479091
-0.489057   0.330509   -0.330304
-0.311031   0.162091   -0.354164
-0.165885   0.192517   0.497435
0.0123092   0.322786   -0.492993
-0.171684   0.317888   -0.302461
-0.00540842   0.152865   -0.322438
0.177561   0.154081   -0.496172
0.319297   0.323688   -0.49608
0.175464   0.321126   -0.315606
0.342649   0.162015   -0.326469
-0.484595   -0.49394   -0.173485
-0.326718   -0.326855   -0.163345
0.488767   -0.328316   -0.00254537
-0.331812   0.493016   -0.016639
-0.18234   -0.48536   -0.20512
-0.00630882   -0.32298   -0.1803
-0.162599   -0.310341   0.00148893
-0.0133209   -0.486758   -0.0172101
0.155811   -0.480902   -0.168372
0.341575   -0.335316   -0.167193
0.17404   -0.330621   0.00125158
0.336524   0.482477   -0.0232574
0.489086   -0.153837   -0.170487
-0.332733   -0.00798853   -0.161457
-0.485747   -0.00460711   0.0112989
-0.326778   -0.160256   0.0209554
-0.170621   -0.156869   -0.162618
0.00878035   -0.00351283   -0.153973
-0.161547   0.0254101   0.0161816
0.0207481   -0.153043   0.00375504
0.164341   -0.160815   -0.161646
0.338729   0.00562849   -0.180168
0.172899   0.000629077   0.0103528
0.327519   -0.17012   -0.0121481
-0.478192   0.176801   -0.169307
-0.333931   0.342697   -0.168841
-0.48353   0.310592   -0.00279887
-0.339863   0.159482   0.000254227
-0.16925   0.14674   -0.171673
0.00683085   0.3213   -0.155221
-0.164268   0.329736   0.000203939
-0.0109689   0.168527   0.00976728
0.171826   0.150871   -0.152043
0.326191   0.318104   -0.147408
0.158062   0.319857   -0.00633946
0.343533   0.155538   0.00371903
0.484178   -0.498457   0.148421
-0.359162   -0.350456   0.159997
0.495297   -0.319347   0.338559
-0.358706   0.493889   0.315201
-0.182446   0.492934   0.150909
-0.00899583   -0.323088   0.157579
-0.177317   -0.338788   0.339996
-0.00546271   0.484558   0.336682
0.154228   0.496905   0.155734
0.320337   -0.336532   0.163895
0.149395   -0.351656   0.344815
0.327615   -0.498166   0.321317
0.499321   -0.161809   0.170556
-0.351243   -0.0043353   0.17987
-0.495598   -0.00884067   0.333463
-0.332581   -0.158764   0.326004
-0.166094   -0.157717   0.16307
0.00389227   -0.00868681   0.168887
-0.168578   0.0258772   0.343602
0.00141963   -0.180871   0.339452
0.172775   -0.176652   0.180065
0.324221   -0.0137935   0.168596
0.169574   0.00843693   0.333028
0.330994   -0.143427   0.34688
-0.499652   0.164902   0.165394
-0.330174   0.321497   0.1671
0.4702   0.344701   0.353457
-0.343995   0.176175   0.333092
-0.17055   0.170291   0.167303
-0.0130172   0.335893   0.158134
-0.175418   0.336656   0.334682
0.00293944   0.181172   0.329182
0.162587   0.1653   0.168772
0.341436   0.324954   0.143612
0.167715   0.316526   0.346079
0.340274   0.166933   0.325752
