-0.376643   0.00306314   -0.37085
-0.21929   0.164672   -0.359704
-0.404402   0.172061   -0.168068
-0.222438   0.0230995   -0.179065
-0.0587268   0.00805584   -0.357313
0.0951938   0.165813   -0.362689
-0.0622887   0.173724   -0.198845
0.100358   -0.00238068   -0.203316
0.255747   0.00570228   -0.367776
0.439697   0.170846   -0.346122
0.25996   0.164987   -0.187839
0.436914   0.0133215   -0.18761
-0.385227   0.331262   -0.359475
-0.253404   -0.483115   -0.346073
-0.406825   -0.480627   -0.190391
-0.224604   0.324209   -0.185915
-0.0579759   0.352063   -0.35226
0.115462   -0.499964   -0.356688
-0.0817418   0.49678   -0.189422
0.119839   0.34132   -0.17573
0.272969   0.324968   -0.345987
0.4377   -0.490097   -0.359929
0.287537   -0.498781   -0.197901
0.443861   0.340746   -0.178543
-0.404698   -0.32007   -0.351401
-0.221124   -0.157061   -0.371555
-0.394655   -0.153966   -0.185697
-0.22602   -0.307292   -0.196002
-0.0581866   -0.329319   -0.353136
0.072198   -0.160021   -0.37003
-0.0526444   -0.161151   -0.187714
0.102544   -0.338171   -0.203662
0.287982   -0.332273   -0.350012
0.418017   -0.134249   -0.34559
0.262897   -0.147984   -0.199923
0.438405   -0.308629   -0.192867
-0.379252   0.00494703   0.000461418
-0.20522   0.175526   -0.00400356
-0.391583   0.16916   0.142124
-0.21518   0.00576343   0.150459
-0.0510002   0.0103577   -0.0450334
0.0929732   0.17457   -0.0242418
-0.0454526   0.178778   0.14473
0.0992539   0.0237023   0.136923
0.25786   0.0256437   -0.0205578
0.41698   0.171652   -0.0207807
0.26393   0.191248   0.155647
0.44978   0.0104524   0.136614
-0.395407   0.346564   -0.0343353
-0.244235   -0.484146   -0.0338593
-0.41244   -0.498543   0.150887
-0.217607   0.366425   0.154957
-0.0659196   0.355197   -0.0326401
0.0958127   0.497888   -0.024887
-0.0803311   -0.473399   0.129548
0.0954739   0.355454   0.16388
0.258111   0.335153   -0.0158384
0.424604   -0.483958   -0.0203255
0.262789   0.498123   0.134941
0.446267   0.338368   0.151164
-0.414006   -0.317531   -0.0220882
-0.211883   -0.174726   -0.0133006
-0.379555   -0.157864   0.131657
-0.257333   -0.335415   0.149041
-0.0435066   -0.324618   -0.0309333
0.120413   -0.165172   -0.0437182
-0.0409369   -0.176409   0.130532
0.10094   -0.324733   0.14306
0.263975   -0.349229   -0.0430809
0.447   -0.132654   -0.0218789
0.283489   -0.152054   0.147278
0.427014   -0.338492   0.150185
-0.41521   0.00633632   0.32331
-0.232077   0.159689   0.321467
-0.407486   0.180166   0.479528
-0.217084   0.00632091   0.480566
-0.0625888   0.0183403   0.296655
0.104928   0.181181   0.314345
-0.0594462   0.16923   0.466813
0.112129   0.000722952   0.46679
0.262263   0.00645065   0.317529
0.439294   0.18541   0.300388
0.254138   0.187572   0.482846
0.43597   0.00213689   0.473796
-0.392016   0.339312   0.312839
-0.232186   -0.48961   0.309933
-0.383878   -0.48349   0.459254
-0.219459   0.33315   0.489083
-0.0753581   0.346738   0.309221
0.114603   -0.47679   0.299343
-0.0553772   -0.495521   0.477771
0.104864   0.349635   0.466675
0.27809   0.358371   0.305336
0.437054   -0.48791   0.302229
0.279303   -0.491208   0.46679
0.445721   0.355183   0.473356
-0.406446   -0.310762   0.306079
-0.222239   -0.175874   0.308723
-0.380358   -0.149267   0.470851
-0.228155   -0.324242   0.471665
-0.0583002   -0.318857   0.315964
0.104595   -0.152782   0.302958
-0.0733789   -0.145273   0.459556
0.0876596   -0.32483   0.489113
0.248755   -0.313683   0.326876
0.429342   -0.16202   0.315019
0.26199   -0.158696   0.472984
0.417477   -0.327423   0.470794
