-0.292844   0.0342949   0.140933
-0.134597   0.185876   0.152506
-0.318349   0.196461   0.281347
-0.124996   0.00957927   0.301016
0.0329293   0.0522087   0.152898
0.202583   0.201883   0.119888
0.0382033   0.212891   0.31764
0.197682   0.0555329   0.309026
0.360743   0.0352291   0.129776
-0.475682   0.205068   0.137974
0.375181   0.211188   0.311557
-0.464697   0.0258922   0.29225
-0.306107   0.377598   0.15323
-0.131091   -0.467212   0.13125
-0.301418   -0.45503   0.327806
-0.130799   0.38212   0.277681
0.0446519   0.372677   0.139415
0.189706   -0.458411   0.145037
0.0336729   -0.458879   0.316981
0.196243   0.370717   0.306775
0.374194   0.364378   0.145605
-0.455876   -0.458327   0.124565
0.355473   -0.461819   0.289979
-0.46618   0.383736   0.313602
-0.286096   -0.310907   0.148826
-0.109219   -0.125234   0.13902
-0.309772   -0.142211   0.295107
-0.108395   -0.282571   0.293019
0.0462916   -0.288472   0.145098
0.202186   -0.11587   0.138469
0.0558744   -0.133579   0.306156
0.199745   -0.299138   0.312467
0.364928   -0.291571   0.130315
-0.468938   -0.123287   0.123011
0.354496   -0.138791   0.295348
-0.464311   -0.303414   0.300921
-0.297684   0.0323309   0.452164
-0.131973   0.18858   0.431103
-0.30193   0.194168   -0.38612
-0.139529   0.0310367   -0.382235
0.0135705   0.0258197   0.473616
0.212461   0.217755   0.474496
0.00457586   0.232281   -0.367744
0.218076   0.0527407   -0.369662
0.350098   0.0317331   0.454561
-0.445809   0.198584   0.453938
0.387852   0.215572   -0.373077
-0.4691   0.0451258   -0.371454
-0.265752   0.370559   0.453695
-0.130955   -0.440473   0.474519
-0.29667   -0.45192   -0.365143
-0.148628   0.38523   -0.33636
0.0374511   0.381021   0.474052
0.198319   -0.454863   0.46888
0.0295431   -0.463973   -0.36296
0.188793   0.358753   -0.364696
0.360426   0.377743   0.471319
-0.476972   -0.446858   0.479214
0.35573   -0.473879   -0.363227
-0.444501   0.375307   -0.375652
-0.294134   -0.289688   0.483943
-0.131644   -0.135806   0.473671
-0.309788   -0.138489   -0.349219
-0.126448   -0.293037   -0.354399
0.0368716   -0.296142   0.470636
0.189133   -0.132437   0.483344
0.0392146   -0.118265   -0.339798
0.172308   -0.294166   -0.369217
0.371835   -0.285711   0.472046
-0.468671   -0.129729   0.464072
0.347966   -0.121294   -0.352846
-0.469609   -0.298541   -0.338829
-0.308702   0.0422317   -0.193706
-0.137403   0.21179   -0.187074
-0.282744   0.219524   -0.0219873
-0.11406   0.0509222   -0.0332074
0.0396352   0.044774   -0.213373
0.195407   0.208717   -0.19955
0.0329733   0.223428   -0.0184209
0.193752   0.0343998   -0.0299925
0.357936   0.062093   -0.188928
-0.461689   0.201635   -0.190041
0.367938   0.218261   -0.0251746
-0.457814   0.0497495   -0.0132474
-0.29659   0.372116   -0.18163
-0.1396   -0.447706   -0.198036
-0.288367   -0.462144   -0.0271982
-0.127911   0.378224   -0.0318794
0.021604   0.380196   -0.197953
0.191223   -0.439555   -0.195776
0.0207038   -0.448055   -0.0121808
0.205619   0.392887   -0.0194191
0.352478   0.359237   -0.189067
-0.472837   -0.476012   -0.178757
0.359049   -0.457157   -0.0366012
-0.460385   0.368464   -0.0216764
-0.309968   -0.296974   -0.188209
-0.119786   -0.129859   -0.19566
-0.282874   -0.14555   -0.0313538
-0.128245   -0.299883   -0.0244986
0.0347636   -0.288228   -0.184838
0.200021   -0.138916   -0.199601
0.0438098   -0.130573   -0.0119378
0.215224   -0.28456   -0.010165
0.3693   -0.315659   -0.199372
-0.488996   -0.118775   -0.210329
0.357742   -0.123669   -0.0366262
-0.475678   -0.285901   -0.0455549
