1 -0.219173 -0.36792 1.08541 0.0616069
2.5 -1.09039 -0.669445 0.0260827 0.0311121
4 -1.02781 -0.603281 -0.206549 0.0225435
5.5 -0.694312 -0.562835 -0.40677 0.0128602
7 -0.76782 -0.469501 -0.108066 0.0267802
8.5 -0.654344 -0.885979 -0.274735 0.0270108
10 -0.937935 -0.580044 -0.376877 0.0123946
11.5 -0.893585 -0.510835 -0.302982 0.0219736
13 -0.838299 -0.674592 -0.437917 0.00995801
14.5 -0.808126 -0.694708 -0.309521 0.0281578
16 -0.934816 -0.537911 -0.30624 0.0129741
17.5 -0.715878 -0.613599 -0.415778 0.00650232
19 -0.79394 -0.575297 -0.427239 0.00977437
20.5 -0.652689 -0.737205 -0.33854 0.0149337
22 -0.83996 -0.654824 -0.419222 0.018091
23.5 -0.835207 -0.588966 -0.422407 0.00873902
25 -0.803298 -0.702783 -0.412206 0.0144786
26.5 -0.796696 -0.793591 -0.250878 0.0352739
28 -0.78714 -0.639254 -0.435257 0.00790567
29.5 -0.983233 -0.582134 -0.28967 0.0130597
31 -0.770386 -0.70062 -0.423219 0.00970349
32.5 -0.68453 -0.811741 -0.326658 0.0190988
34 -0.672207 -0.791899 -0.311549 0.0186039
35.5 -0.682932 -0.649887 -0.403327 0.00982267
37 -0.714782 -0.650958 -0.411107 0.0080119
38.5 -0.932383 -0.653338 -0.355951 0.0181384
40 -0.840081 -0.600011 -0.436592 0.00829513
41.5 -0.803957 -0.621385 -0.456109 0.0161493
43 -0.843038 -0.644719 -0.45053 0.0143997
44.5 -0.762922 -0.554973 -0.414685 0.0115445
46 -0.769777 -0.584933 -0.425589 0.00838492
47.5 -0.898098 -0.56618 -0.372362 0.011019
49 -0.899786 -0.576075 -0.396404 0.0124489
50.5 -0.915545 -0.574858 -0.379185 0.0112005
52 -0.950954 -0.638215 -0.385844 0.0135422
53.5 -0.904626 -0.587021 -0.397782 0.0128656
55 -0.832263 -0.599662 -0.448459 0.00917794
56.5 -0.824748 -0.664461 -0.444557 0.0119269
58 -0.779094 -0.633807 -0.438633 0.00678135
59.5 -0.800029 -0.601901 -0.437854 0.00819331
61 -0.768118 -0.666492 -0.433544 0.00707734
62.5 -0.754309 -0.612888 -0.436303 0.00806757
64 -0.752895 -0.655424 -0.450335 0.00840276
65.5 -0.823891 -0.599143 -0.417598 0.014555
67 -0.817179 -0.593779 -0.450234 0.00830273
68.5 -0.819373 -0.622809 -0.442588 0.00668832
70 -0.835025 -0.635954 -0.446133 0.0100191
71.5 -0.736955 -0.605182 -0.434177 0.00781191
73 -0.850464 -0.597238 -0.436261 0.00895198
74.5 -0.860186 -0.613518 -0.445437 0.00902877
76 -0.820917 -0.582977 -0.454109 0.00998046
77.5 -0.802957 -0.577284 -0.447924 0.00954081
79 -0.824805 -0.588988 -0.428909 0.0112993
80.5 -0.773846 -0.621575 -0.443325 0.010883
82 -0.773866 -0.611186 -0.435889 0.00727645
83.5 -0.774424 -0.615557 -0.446385 0.00822153
85 -0.735657 -0.606339 -0.434235 0.00782336
86.5 -0.73111 -0.569367 -0.416432 0.0104261
88 -0.735343 -0.589579 -0.413371 0.00874607
89.5 -0.744893 -0.563748 -0.398923 0.011945
91 -0.740496 -0.652094 -0.442713 0.00661425
92.5 -0.726604 -0.668637 -0.426243 0.0133156
94 -0.751002 -0.616995 -0.440974 0.00691641
95.5 -0.76954 -0.623502 -0.442 0.0069737
97 -0.769166 -0.631399 -0.457135 0.00607139
98.5 -0.806468 -0.63839 -0.444592 0.00686294
100 -0.805679 -0.644878 -0.447829 0.00918115
101.5 -0.837407 -0.589068 -0.438169 0.0102519
103 -0.859977 -0.633583 -0.431195 0.00970814
104.5 -0.835012 -0.629347 -0.457606 0.00863481
106 -0.845424 -0.614675 -0.433809 0.00948261
107.5 -0.891961 -0.554221 -0.388251 0.0137591
109 -0.921096 -0.565975 -0.375057 0.0133484
110.5 -0.866066 -0.580436 -0.434437 0.00949845
112 -0.855319 -0.605992 -0.428246 0.0109297
113.5 -0.839969 -0.591341 -0.437846 0.009456
115 -0.82077 -0.639212 -0.442115 0.00909954
116.5 -0.80304 -0.634038 -0.454402 0.00802336
118 -0.792847 -0.605989 -0.43023 0.00870492
119.5 -0.819704 -0.58843 -0.444453 0.00871151
121 -0.839768 -0.60014 -0.449193 0.00798521
122.5 -0.822582 -0.613792 -0.449521 0.0100331
124 -0.843127 -0.588654 -0.430242 0.0092213
125.5 -0.817398 -0.592003 -0.453127 0.00891765
127 -0.818418 -0.57779 -0.42383 0.00917317
128.5 -0.820998 -0.602911 -0.437238 0.00881935
130 -0.848805 -0.624026 -0.440762 0.0108754
131.5 -0.819738 -0.583928 -0.443582 0.0112168
133 -0.785135 -0.616065 -0.459064 0.00622608
134.5 -0.78444 -0.627115 -0.448837 0.00772229
136 -0.801845 -0.586661 -0.445167 0.00826844
137.5 -0.796942 -0.620336 -0.445859 0.00855279
139 -0.83732 -0.623161 -0.435599 0.0108174
140.5 -0.803708 -0.624675 -0.455358 0.00648566
142 -0.797863 -0.603513 -0.449098 0.0085849
143.5 -0.784058 -0.588204 -0.447196 0.00885747
145 -0.799653 -0.578959 -0.4435 0.00948232
146.5 -0.798226 -0.595482 -0.439916 0.00906458
148 -0.811035 -0.57634 -0.430867 0.00988827
149.5 -0.829561 -0.590599 -0.449938 0.00912203
151 -0.788522 -0.578619 -0.436315 0.00989042
152.5 -0.811498 -0.575894 -0.446511 0.00976482
154 -0.796843 -0.591644 -0.439733 0.00834932
155.5 -0.804487 -0.600773 -0.455209 0.00804888
157 -0.813963 -0.599989 -0.446907 0.00719277
158.5 -0.82499 -0.630982 -0.447868 0.00745326
160 -0.840466 -0.674122 -0.417859 0.0117686
161.5 -0.834925 -0.67692 -0.412069 0.0141
163 -0.812892 -0.697671 -0.420623 0.0109876
164.5 -0.796308 -0.68558 -0.422487 0.015396
166 -0.811932 -0.694524 -0.428212 0.013187
167.5 -0.804364 -0.659992 -0.435406 0.0106868
169 -0.821061 -0.659019 -0.428348 0.00985553
170.5 -0.814338 -0.654248 -0.442673 0.0115133
172 -0.788464 -0.640664 -0.44592 0.0075654
173.5 -0.754593 -0.646277 -0.441476 0.00695017
175 -0.764374 -0.646349 -0.438484 0.00867401
176.5 -0.784008 -0.665996 -0.435775 0.0076122
178 -0.781723 -0.67536 -0.442647 0.01029
179.5 -0.803451 -0.644072 -0.449932 0.00685983
181 -0.803609 -0.645915 -0.439069 0.011006
182.5 -0.772526 -0.636973 -0.440439 0.00711282
184 -0.771069 -0.649332 -0.438648 0.00764107
185.5 -0.771752 -0.655603 -0.449108 0.00811803
187 -0.77167 -0.666287 -0.423858 0.0124512
188.5 -0.78494 -0.664665 -0.433315 0.00869589
190 -0.826767 -0.643348 -0.463384 0.00784901
191.5 -0.827013 -0.628327 -0.444698 0.00949607
193 -0.837809 -0.630397 -0.449658 0.00856689
194.5 -0.828109 -0.617733 -0.439144 0.00827661
196 -0.824223 -0.60676 -0.454829 0.00740527
197.5 -0.827333 -0.609075 -0.45495 0.00916836
199 -0.853114 -0.622261 -0.442699 0.00799886
