-0.119102   -0.37815   0.24306
0.291172   -0.49226   0.0210754
0.366134   -0.378696   0.48956
-0.459929   -0.268019   -0.259034
-0.446085   0.0810021   0.241306
-0.0645124   -0.426244   0.228601
-0.232538   -0.346353   -0.0180369
-0.0778249   0.343784   0.390762
-0.401199   0.023897   0.321203
-0.0215123   0.250159   0.451738
0.0567216   -0.388457   -0.383492
-0.391613   -0.33403   -0.401353
-0.307323   0.499113   0.229451
0.37397   0.447271   0.153513
0.193102   -0.424835   0.384619
-0.383608   -0.0608087   -0.0858716
-0.381256   0.0990591   0.200094
0.308251   0.195749   -0.337033
0.405487   0.452633   0.32934
-0.22686   0.284948   -0.390416
0.341958   0.252252   -0.19545
-0.00161589   0.309535   -0.372881
-0.233402   -0.204092   0.132116
0.441687   0.337304   -0.0287803
-0.355445   -0.271394   -0.259364
0.413982   0.063514   -0.149006
0.476387   0.490033   0.483846
-0.110891   0.479059   -0.31185
-0.400519   0.0593485   -0.418576
0.295629   0.0114855   0.149271
-0.0588156   -0.176248   0.152634
0.480147   -0.347305   0.388575
-0.366946   -0.149158   0.33801
0.263897   -0.0263841   -0.148525
0.494969   -0.427195   -0.411325
-0.029082   0.388267   0.3178
-0.450308   0.309613   -0.313285
-0.443412   -0.285076   0.425372
-0.257812   0.413554   0.204066
-0.485684   -0.0734013   -0.0271883
0.377737   -0.284989   -0.328814
-0.335267   0.431973   -0.0991353
0.267948   -0.393928   0.170228
-0.352023   -0.0101178   -0.162577
-0.187637   -0.0692347   0.388389
-0.497675   0.376359   -0.185232
-0.218002   0.0128786   -0.193189
0.33885   0.445581   0.043841
0.428082   -0.474657   0.176146
0.460098   0.0605362   0.173326
-0.139759   0.309935   0.00253422
0.0533015   0.415969   0.00244322
0.135438   -0.276544   -0.399891
-0.213296   -0.424124   0.00570628
-0.428514   0.484798   -0.302634
0.133485   -0.222384   -0.322442
0.219157   -0.0459854   0.0409671
-0.196069   0.198889   0.356129
-0.376794   0.321932   -0.179634
0.431634   -0.0796106   -0.316169
-0.468887   0.356784   -0.107594
0.441706   0.127812   0.122352
0.495845   -0.426235   0.111632
0.460246   0.016122   0.39918
0.290531   -0.326629   -0.0387382
0.4316   0.228546   0.225613
-0.140505   0.0928079   -0.0982797
-0.287404   0.0944808   0.156729
-0.12754   -0.467815   0.174261
-0.276747   0.335446   -0.440666
0.22642   0.0795889   0.245737
-0.0475627   0.477966   -0.188885
0.415359   -0.0313702   0.352108
-0.198873   -0.281549   -0.37226
0.442463   0.322587   -0.128227
0.145743   0.49731   0.392452
-0.436343   -0.193523   -0.241795
0.241765   -0.324549   -0.147179
0.222172   0.453567   -0.00157774
-0.168779   -0.096347   -0.423214
-0.049133   0.404411   -0.0699052
-0.0858999   -0.253719   0.163239
0.495447   0.464795   -0.397819
-0.182275   -0.228425   -0.192363
-0.139034   0.295125   0.429492
0.218064   -0.253865   -0.212122
-0.42167   0.0358386   -0.335405
0.468722   0.457352   0.120768
0.1352   -0.282047   0.0946607
-0.388828   0.250134   -0.463904
0.367759   0.0688821   0.117874
-0.177691   0.033921   -0.367654
-0.314429   0.240445   0.377838
0.124957   0.398831   0.425272
0.412788   -0.108782   -0.224497
-0.0502782   -0.145834   -0.476546
0.338112   -0.255203   0.498433
-0.457063   0.147587   -0.466247
-0.0972821   0.329888   -0.403095
0.354285   0.0937078   -0.0371444
0.0169946   -0.0692864   -0.297028
0.162996   0.0992225   0.433026
-0.322964   -0.0226524   0.317864
-0.109379   0.304809   -0.252319
-0.256714   0.464428   -0.00849359
-0.12988   -0.349563   0.402965
0.250976   0.466232   -0.270616
-0.221958   0.36805   0.467681
