0.869875   0.483813   0.792291
1.83347   1.73685   1.58278
0.0502399   1.45223   -2.05603
-0.0677554   -0.0456198   -0.50148
-0.688259   -0.594113   0.166343
-0.251921   -0.43879   -0.492042
0.626947   -0.372171   -1.74683
0.941491   -0.585369   0.0379316
2.14977   -1.30322   0.440706
0.0485818   -0.429054   0.684928
-1.0886   1.15461   -0.816482
-0.225804   -1.68037   0.929289
0.192379   0.966096   -0.559656
1.35458   -0.741054   0.102057
0.546627   0.199994   0.140635
-0.0952495   0.519123   0.152909
-0.26159   0.502115   0.826579
0.633535   0.958994   -0.754189
0.132513   0.584258   -0.967507
-2.62949   0.0854401   1.23907
-0.224526   -0.582768   0.00681939
-1.62543   0.230676   -0.932407
-0.650851   -0.351476   -0.559592
-0.508929   -0.215411   -0.169081
-0.684855   -0.523762   0.143502
0.44337   -0.483019   0.0411591
0.0818017   0.125533   2.46405
-1.04085   -1.40657   -0.788561
-2.55586   0.710893   2.0664
-0.345673   -0.363475   0.715226
0.641859   1.25284   0.2014
0.221416   0.975282   0.503444
-0.940931   1.47457   0.113192
-1.9479   -0.488703   -1.61136
-1.7053   -0.21408   1.47623
-0.388813   -1.27158   -0.579353
0.588096   -0.173617   0.188098
1.29445   -1.525   1.5491
-0.235521   -1.47975   0.365923
1.00373   -0.777239   0.607209
-0.930881   -0.544363   0.112517
1.2787   -1.13247   -0.231957
1.08728   1.24859   -1.80396
0.916108   -1.6671   -0.846024
1.12487   -0.213245   -1.41303
-0.964692   0.568197   2.32574
-0.424527   1.1254   -0.198905
1.71381   -1.25677   -0.214869
-0.0785727   -0.655343   -0.983164
0.301597   0.264333   0.162626
-1.39213   1.36865   -1.47244
-1.12803   -0.952128   0.604726
0.340916   -0.214159   -0.584904
0.40827   -0.106537   -0.331543
-1.16426   0.0265572   -0.503791
0.362912   0.110745   0.581556
-1.30444   -1.18297   -1.99933
-0.574031   -1.59851   -0.896038
0.140516   -0.896694   0.433744
0.95197   -1.08696   -1.9768
3.27784   -1.1116   0.862223
-0.333712   -1.28122   1.29374
0.940835   0.714425   0.0549619
-0.69365   -1.05697   0.287477
0.633571   2.26319   -0.545819
-1.20956   1.27321   -1.05255
0.644976   0.304101   0.708763
-1.7757   -3.27072   0.416547
-0.783256   -0.382401   0.409447
-0.479857   -0.15881   0.549304
3.41536   1.58798   -1.31733
0.333363   0.00407039   -0.636554
-0.841316   0.603661   1.39022
-0.329225   -3.07165   -0.131643
0.0857323   0.769418   1.86506
-0.0758394   0.810746   0.291974
-0.871782   0.176852   1.241
-1.36893   -0.812388   -1.85825
-1.52184   1.66463   -0.606421
0.68496   0.054919   -1.75637
-0.578524   0.613116   0.706021
-2.46815   -1.30852   0.212539
-0.987068   -1.68705   0.263718
0.798801   1.37622   0.0637866
0.169615   -0.720864   1.12893
0.137028   0.533703   1.32963
-1.68512   -0.670121   -1.06563
2.20629   -0.525338   1.24038
-0.366506   0.694004   -1.0373
0.334194   -1.71793   -1.01042
1.41452   0.185351   0.636702
-0.33739   1.44601   0.420199
-1.74868   1.12179   -0.419144
-0.764947   1.06847   0.269324
2.51456   -0.83466   0.895823
-0.606143   1.44192   1.54676
2.35151   0.564093   0.576149
0.0625898   2.48991   -1.60964
-0.315454   0.416026   -1.19336
0.654833   0.855153   1.39915
1.43029   -1.04578   -0.748597
0.235514   1.74036   -0.276422
0.381066   0.566289   1.14822
0.730279   0.817237   -1.02614
1.03987   2.10123   -1.1518
-0.467886   1.48681   0.790591
-0.749792   0.497019   1.58211
0.726719   -1.15822   -1.90417
