1.55117   -0.412872   -0.222166
-0.743163   1.97738   2.06277
-0.230336   -0.374332   -0.163967
0.253522   -0.805624   0.918898
0.212056   0.249963   0.413862
-0.912   -0.875101   -0.28402
0.689434   -0.966669   0.558438
-0.82212   0.195646   1.07019
-2.16666   -0.871364   -0.558304
-1.51294   -0.0428177   0.65599
0.666977   -0.581378   -0.392613
0.111535   0.11695   -1.62148
1.99234   -0.0531238   1.25761
-0.576577   0.28014   -1.47668
0.233666   -0.331068   1.37558
-1.30337   -0.0572264   -1.35693
-0.641318   1.19343   -0.429782
-0.0165487   1.02542   -0.426862
1.0094   0.477157   -0.449394
0.569643   0.416221   0.600185
0.400671   0.711748   -1.07467
-0.119076   0.200364   -0.381141
0.967219   -0.591067   -1.0353
-0.655555   -0.524835   0.572865
-0.344082   0.478632   -1.70741
-1.47398   0.222126   0.295228
-1.51188   -1.45717   1.40129
-0.0425908   -1.69513   0.346613
-1.44358   0.563427   -1.59097
0.203982   -0.148518   -0.477287
-1.17536   -2.25391   1.10016
-2.11783   1.40925   -0.728294
-0.47744   0.553331   0.446593
-0.626941   1.13136   -1.46204
-0.0886361   0.181792   -0.23431
-0.509995   -1.673   -1.50654
-0.426495   -0.143585   0.344992
0.460227   -0.947967   -0.188597
-0.149774   -0.13007   0.52037
0.350901   -0.235406   0.672536
0.845493   -0.505944   0.50986
-0.211825   0.895898   0.472795
-0.820686   0.999751   0.521487
-0.07793   -0.0715594   -0.651024
0.373795   -0.286868   0.347356
-1.06681   -0.401705   -0.674489
0.932994   0.136365   0.0130206
1.21181   0.653823   0.166194
0.329272   -1.67618   -0.146627
0.98786   1.2559   0.430873
0.0427105   0.857642   -0.685297
-0.31495   0.492923   0.812063
-0.191971   0.26417   -1.88204
0.641895   1.30224   0.385982
0.53567   -1.46257   1.34095
0.10218   2.36757   -0.886557
-0.336899   -0.681623   0.705537
-1.20857   -0.139224   0.438639
-0.559056   -0.0873988   0.77866
1.91798   0.288296   -0.678089
0.0151574   0.028306   -1.24627
0.929096   -1.47817   1.01538
0.486285   0.343957   -0.299036
0.227786   -0.758106   0.496303
-0.742321   -0.8311   2.20669
-0.622117   -0.839314   -0.991325
-0.109499   0.637302   0.445854
-0.506983   0.788972   -0.221742
0.699731   0.840852   -0.328678
0.733979   -0.355693   -1.44014
-0.0704542   0.629783   -1.07703
0.806331   -0.58451   0.907629
-0.205694   0.0807714   0.265583
0.716579   0.360136   0.970493
0.114154   1.98828   1.73488
-1.04675   -0.970695   -0.135868
0.699305   -0.499543   -0.663997
0.017848   -0.372458   -0.385884
0.797631   0.0434038   0.578207
-1.67568   -1.84754   0.377104
1.38812   1.90549   0.956256
-0.696243   0.213285   0.889645
-0.241994   1.80612   0.913105
-0.397059   -0.38243   -0.254832
0.417858   -0.00574366   0.0633227
-0.670049   -0.886742   0.165008
1.35603   0.0893613   0.660571
1.30439   0.971163   0.217231
2.61501   -1.39039   0.130783
-0.408955   0.0774115   -0.200213
-0.000179115   0.135621   -1.19534
0.971299   0.184155   -2.16294
-0.368488   -0.64978   -1.01693
-1.90185   0.622466   0.560312
-0.185339   0.551937   -0.190338
-0.280078   1.07126   -0.829821
-0.563593   0.268182   0.561464
0.162853   1.09688   1.33232
1.88164   0.368227   -1.42864
-1.3298   -0.702885   0.170296
-0.15104   -0.262797   -0.695903
-0.181144   -1.2191   -0.365162
1.15277   -0.501643   0.482188
2.19296   0.377214   0.415492
1.0102   -0.356142   -1.54643
0.0390233   0.469575   1.55563
-0.0740297   -0.848849   0.253369
-1.02416   -0.620122   0.186715
