0
-1.00519
-0.639371
-1.01117
-1.41159
-0.390617
2.1318
-1.31161
0.890158
0.942551
0.917407
1.62627
0.394906
-1.27582
1.27486
-1.75743
-0.539307
0.538176
-1.68869
1.41779
0.767519
1.20086
-1.21087
0.652124
-0.51246
-0.857347
-0.968509
0.710854
-1.3052
0.968367
-0.259654
-0.512156
1.42442
1.03414
1.19135
0.733226
1.52828
1.02551
-1.45908
0.743247
-1.49589
1.02753
1.53164
0.94635
0.0212872
0.73906
-0.813951
0.479127
0.811616
-0.894148
-0.320055
0.798275
1.72983
0.986773
-1.66607
1.19812
-0.922889
-0.874362
-0.487097
-1.57858
1.04892
-0.81689
-1.0234
-1.0234
1.08738
1.06548
-1.37476
0.815318
1.09252
1.193
1.23429
-0.767437
-1.20625
-1.21829
1.18512
-0.954582
0.983937
-1.24423
-1.45733
1.2325
0.617545
1.38179
1.26025
0.985147
-0.720329
1.27661
-1.0023
1.03423
-1.05079
-0.940474
-0.82027
0.633493
1.2728
1.559
0.969288
-0.871729
0.436227
1.19123
-0.126771
-0.487509
0.503094
-0.912482
-0.470988
1.49892
0.536651
-0.670338
1.43001
-1.12564
-1.51279
-0.827139
1.16861
-0.681034
1.05146
0.379407
-1.16909
-0.244122
-0.53704
-0.968546
-0.920756
-1.96875
1.97344
0.96266
-1.0644
-1.0644
0.0386657
-0.801651
-1.25959
0.432003
0.312817
-0.719934
-1.47661
1.06598
0.913776
-0.465269
0.676564
0.311061
0.257607
-0.961335
1.0126
1.08478
0.509001
-1.09914
-1.55911
-1.27456
0.705623
-1.14519
1.77071
-1.15529
0.870065
-1.65899
1.27713
0.941413
-1.73883
1.36077
-0.273879
0.957854
0.701785
0.389666
1.12591
-0.924812
1.25812
-0.536825
0.234133
0.861898
-1.44615
1.51934
0.842395
-1.68925
0.856898
1.01253
0.713244
-0.67935
-1.76874
-1.16089
0.942997
-1.37952
1.24886
-1.51709
-0.500243
1.01544
0.745984
-1.46645
-0.45117
1.68642
-1.425
-1.31507
0.511426
-0.528613
1.49547
1.43305
-1.28488
0.927964
1.44159
-0.896533
1.25665
0.934565
-0.750334
-1.06823
0.776363
-1.40982
-1.00583
0.714048
1.14625
-1.14511
0.718848
0.724784
1.22421
1.28936
0.601252
-1.27468
-1.22208
0.957577
-1.06287
0.887977
-0.98411
-0.94828
-1.01229
-0.89886
-0.801482
0.867234
1.016
-0.850171
-0.667431
0.87488
-0.104766
0.860561
1.37199
-1.23162
0.190393
-1.12172
-0.921311
-1.19615
-0.835076
-0.498203
-1.43202
-1.68455
1.22692
-0.946033
1.52536
-0.856043
1.0779
-1.11056
-1.31077
-1.01733
-1.57034
-0.683147
-1.27253
-0.896053
0.935963
-0.337626
0.0588721
1.21148
-0.953383
0.511516
-1.14651
-1.03657
-1.30546
0.924414
0.970714
-0.524658
0.769527
1.69993
1.35474
1.5148
1.2561
0.70519
-0.693319
1.20454
0.863193
-1.07491
-1.31632
-0.727415
-1.16269
1.04298
0.308025
1.3435
-1.33218
0.337987
-0.325164
0.957967
-0.91001
-1.21301
-1.21301
-1.26729
0.949506
-1.03021
-1.52578
-0.711384
1.00234
-1.50062
-1.14223
-0.933998
-1.19235
1.16884
1.46734
1.45997
1.11403
-1.20868
-1.08636
-0.712229
-1.27297
1.36341
1.03815
-0.5266
1.30734
0.643897
1.12046
-0.796562
-0.748063
0.521915
-0.762548
-1.21537
0.957765
-0.709664
0.88923
1.16117
-0.836065
-1.5705
-1.56817
1.32999
-0.697439
-0.928154
-0.967318
-1.51207
-0.673521
0.499715
-1.74035
1.22243
1.0858
-0.411265
0.90923
-1.17884
0.917707
-1.11071
0.984716
-1.02142
-1.87656
0.881074
0.12642
-1.52661
1.27066
-0.981266
1.2407
1.25821
0.766948
-0.704519
1.49316
0.536927
1.11274
-0.644519
-0.536636
0.892262
1.23216
0.857382
-0.890798
0.216933
-0.668819
-0.89573
1.20109
0.89691
-0.937247
0.457699
1.46931
0.688694
-0.712677
-0.712677
0.70862
1.26321
-1.08366
-0.012929
-0.735139
0.378712
-1.00592
1.31708
1.5026
1.01211
0.738563
1.67959
0.44692
1.62233
-1.6393
1.2431
-1.12112
1.09992
1.00579
1.38661
0.972161
0.972161
0.644493
-1.64777
0.856711
-1.14149
-1.24376
-1.20502
-1.59145
-0.917062
-1.37624
1.02735
1.1543
-0.359052
1.0089
0.937114
0.970268
-1.04202
0.0749816
-0.482705
0.944896
1.16615
-0.875561
1.43421
1.59881
0.802948
0.358983
-0.874108
-0.966899
1.2201
-1.28642
-0.58193
0.481179
0.979835
1.747
0.754811
-0.881687
-0.924905
-0.694654
0.713155
0.47057
-1.58897
1.19384
1.09206
-0.853742
-0.0830346
1.00934
0.626528
0.202088
0.843395
-0.725269
-0.491632
-0.690378
-0.699538
-1.25055
1.18276
-1.53422
1.18467
-1.02019
-1.02019
1.08872
2.06981
-1.0927
1.0103
0.934018
1.06951
-0.588095
-0.724623
-1.05273
-0.904175
1.40374
-1.06275
-1.06275
-1.01929
-1.10101
-1.08866
1.42533
-0.784759
0.545851
-1.31674
1.3722
-1.36497
1.11641
1.2189
0.678464
-1.06149
0.53272
-1.27328
-0.643915
1.40354
-1.0865
-0.680977
1.02955
0.994195
0.970092
-0.852559
1.43781
-1.50213
-0.602718
0.793828
-1.24271
1.4676
-1.47162
0.640819
-0.602126
-1.00103
0.434295
-1.03658
0.930076
0.743469
-0.681804
-1.10491
-1.93843
1.19726
-0.750912
-0.850526
0.931544
1.10491
0.434719
-1.24519
-1.14424
-1.03385
0.726762
0.85725
-0.934591
-1.47267
-0.760391
0.035915
-0.987277
1.20928
1.20928
0.994613
-1.20744
1.36314
1.2827
0.692232
-0.700141
-1.68051
-0.650758
0.878384
-0.642322
0.962807
0.792085
1.21652
0.608773
1.07068
-1.0883
1.10136
-0.68113
0.828217
-0.832822
1.17414
1.63331
-1.55738
0.943926
1.17079
-1.38195
1.40445
0.51123
0.831048
0.658176
1.25822
0.64225
0.64225
-1.11319
-1.0898
1.04645
-0.774856
-1.14209
1.06173
-0.60493
-0.774986
1.04464
-1.55759
-1.4211
0.931706
-1.07086
-1.06502
1.05318
1.26413
-1.46646
1.20234
1.10266
-0.742992
-1.29461
1.08854
-1.56957
0.676894
-1.0233
1.05932
-1.2214
-1.0489
0.965098
-0.536997
1.62776
0.92309
-1.23022
-1.72756
1.56533
-0.714739
-1.73705
0.461877
1.33752
1.33752
-1.32165
-0.843782
1.04269
-1.13394
0.979457
0.840874
-1.18801
-0.852424
-0.313173
-0.747722
0.806551
0.310457
0.905353
-1.20934
1.03204
0.927954
-1.33268
-0.205224
1.24043
-1.11566
0.670303
1.14215
-0.912795
0.513598
1.55414
1.52948
0.595984
0.800504
-1.09207
1.25464
-0.641234
1.12365
-1.56766
-0.723901
1.4848
-0.371174
-1.1154
-1.27822
1.10765
-1.68461
1.14192
0.921945
0.453268
-1.28362
-1.08054
-1.47697
1.0947
-0.964954
1.24981
-0.875152
-1.04219
0.847958
-1.14875
1.34854
1.49559
-0.89859
0.475891
1.14276
0.734137
1.59292
0.848919
-0.808394
-1.49975
1.21407
0.58878
0.641028
-0.71348
-0.552498
1.37158
-1.15707
-1.12104
-0.806122
-1.04381
-1.64545
0.621083
0.385883
-1.38853
0.645684
-1.01877
-0.663505
1.38051
0.487969
1.44914
-0.567287
-0.419461
-1.57088
0.315834
1.2989
0.814223
0.745169
-1.62987
-1.10716
0.533849
1.11019
-0.434116
0.735526
-0.295956
-1.44874
0.833738
0.815275
-0.632199
-1.54335
-0.818903
0.366416
0.814562
-0.0353642
0.931028
-1.00495
-0.713135
-1.07754
-2.0719
-1.35849
0.994389
-1.59556
-0.975774
-0.981342
1.00377
1.24999
0.211448
1.08779
-1.00294
1.38063
1.23331
1.01536
-0.375786
1.03293
1.27505
1.07377
-0.811264
0.956788
0.659645
-1.51395
-0.711558
1.24737
-1.63421
-0.769656
1.19437
1.22285
0.366839
0.674887
1.26486
-1.26053
-0.800233
-0.769113
0.884671
-0.557569
1.22177
1.24203
1.17119
0.732287
-0.694357
-1.53351
1.02442
0.552559
1.05814
1.22014
-0.891664
-1.13664
-0.528068
0.549885
0.382656
0.952049
1.18121
1.0711
-1.0513
-1.80201
-1.17497
-0.613082
0.709438
-0.660098
-1.12058
0.851089
1.48325
-0.762065
1.28889
0.958206
-0.755265
-1.32079
-1.0425
-0.960822
-0.941306
0.841744
0.91123
-1.10151
-1.42603
0.736902
0.708726
-0.917378
-0.50211
-0.565219
-0.1935
1.1668
0.644025
-1.76639
1.43659
1.20755
0.677924
-0.733709
-0.8581
-0.395788
-1.45222
-1.54351
-0.834581
-0.69451
1.10796
-0.95569
-0.272322
0.829307
1.24039
-0.571265
-1.51165
0.880076
-1.33008
0.861223
1.57331
1.56746
1.03617
-0.935564
1.47587
-1.23481
1.35101
-0.224854
1.33831
-1.17975
-1.11585
-1.31017
-0.312944
-0.934677
-1.70294
-1.13395
-0.926724
-1.04199
0.892789
1.14433
0.733188
-1.63302
1.06932
-1.29605
1.38288
1.30266
-0.0981051
0.891992
0.514802
-1.07625
0.652171
1.35668
1.5845
0.420471
1.31129
1.05536
1.40602
0.715557
-0.0178015
0.974019
0.344256
-0.0336863
0.666736
0.690698
-0.718265
1.335
-0.659466
1.03169
0.868608
0.821654
0.652697
0.21441
0.961284
1.05984
0.463703
-0.936857
-1.23942
-0.829016
-1.01881
0.777467
1.11077
-1.08287
1.32518
0.868381
0.937013
-1.2662
0.806039
0.801946
-0.806477
1.3027
0.916436
-1.54057
-1.11675
-1.35258
-1.14541
0.814473
1.41255
-1.22386
1.30972
-1.47851
0.886537
1.42835
-1.38737
1.0277
1.07733
1.07733
-0.605514
-1.48812
0.583175
0.895203
-0.72779
0.563986
-1.33397
-1.00498
-0.81457
-0.872918
0.662007
-0.742951
1.36339
0.688884
0.984285
-1.07433
-1.31259
-0.468278
-0.667118
0.816473
0.580852
-1.05745
1.04091
1.28664
-1.27826
-0.0933211
-0.769451
-0.667214
-0.607182
-0.203822
1.13993
-0.625479
0.756952
-0.867424
-0.744329
0.931734
1.34051
-1.67971
-1.23575
-0.289625
-1.40618
-0.81857
0.880747
-1.80327
-0.9569
0.709177
-0.608623
1.50702
-1.12786
-1.15781
1.01768
-0.842135
-1.2325
-1.45441
-0.618751
-0.801344
-1.40895
-0.543033
-1.47923
-1.14275
-0.658808
0.152739
1.16592
-0.531634
0.758938
1.38684
-1.34563
-0.725171
0.987492
1.11902
-1.18397
1.60739
0.821392
-0.71772
-0.397779
1.19851
0.611937
-0.73557
-1.34894
0.750253
0.615495
-0.856666
-1.85461
-1.01832
0.936613
-0.85645
0.718108
0.624505
1.13991
-1.27544
-1.05797
1.1551
0.415203
1.34167
1.19931
-0.755492
-1.23631
-0.977936
0.612424
-1.07468
-0.499723
1.30424
-0.807939
0.58391
-1.1245
-0.570977
-0.218883
-1.34464
-2.24411
-0.457165
1.4037
-0.631669
0.898184
0.913092
0.0887892
-1.1042
-0.767819
-0.767819
0.821107
1.29203
0.986585
0.986585
-0.847899
1.35807
0.443936
-0.476731
1.20288
-1.56301
1.45173
1.4792
0.714368
0.721756
0.824175
1.24721
-0.912472
-1.228
0.841527
-1.0886
0.804315
-1.56699
-0.357372
0.631058
-0.743158
1.5052
1.41299
-0.972273
0.587401
-1.03232
1.26037
-0.95561
0.813222
-1.09185
1.65985
-0.590803
-0.629584
-0.646341
0.873886
0.873886
-1.03289
-1.04698
-1.04619
-0.805808
1.07077
1.04388
1.07833
0.862018
-1.06915
0.811925
-1.0746
-1.06303
0.317271
-0.80585
1.1555
-1.52837
0.805737
-0.498401
-0.767279
-0.583797
-0.723056
-0.840406
-1.46687
1.82997
0.62835
-1.47585
0.989203
-1.09572
1.15123
-0.374824
1.6578
-1.17851
0.57154
1.08515
0.751043
-0.722266
-1.30707
-0.514856
0.814771
0.508616
1.61024
1.03797
-1.14071
1.56445
1.06632
1.11688
0.909609
-1.33275
-1.44748
0.788074
1.65125
-0.772493
-1.23805
-0.95233
-0.631266
-0.251163
1.4133
1.16343
0.923595
0.764702
-0.626795
-1.19362
0.95394
-1.3543
1.40837
-0.925106
-0.925106
1.25058
1.1011
1.20851
-1.16623
0.281009
1.0199
-1.01072
-1.05031
-0.856745
1.06024
1.20364
-0.582486
-0.708911
-0.742133
0.982015
-1.15706
1.08764
0.877434
-0.556247
-0.22392
-1.1809
-1.1809
0.703148
0.94824
1.47793
0.635483
-0.553218
1.44307
0.822909
-0.751854
-0.991336
1.11657
-0.726558
0.939987
0.497512
-0.771105
1.04822
-1.06238
1.14991
1.53359
1.16394
-1.12404
1.18204
-1.37806
-1.31761
-0.96425
-0.99271
0.914533
-1.3558
0.92371
0.881588
-0.888545
-0.672414
1.11465
-1.04419
0.613845
-0.962369
1.00023
-0.712412
1.45162
1.35933
1.15325
0.85384
-1.06865
-1.2674
0.896352
1.05762
0.887306
1.56018
0.600171
-1.5377
-1.5377
-1.27623
1.54484
-1.6712
0.419566
-0.500606
-0.782038
0.999448
1.01063
1.05069
-0.516973
-1.44876
-1.66565
1.18525
-0.880822
-0.648815
-1.2456
-1.33387
1.12739
0.974623
0.909312
-1.06341
1.30751
0.660949
-1.2943
0.966912
1.22935
1.22935
-1.10823
-0.931997
-0.474204
1.29772
-0.919363
0.990729
-1.102
-0.971998
1.15535
1.45109
-1.01619
0.665433
-0.232867
0.979814
-0.883962
-0.983263
-0.983263
0.831795
-1.04827
-1.26304
-0.853404
-1.31413
-1.15696
-0.761437
-0.865707
-0.64293
-0.557626
-0.713121
-1.25583
-1.26746
1.22453
0.561695
1.19708
-1.23724
1.35639
0.974475
-0.98689
-0.900816
1.4666
-1.02808
-1.21664
-0.52219
0.656446
-1.0909
-0.341016
-1.03991
0.240802
-0.980654
0.430241
-1.27507
-0.808068
0.956366
-0.072397
0.60664
1.27239
0.127959
1.40018
0.721269
0.944621
-1.49295
-1.21052
-1.17442
0.787766
-0.666363
-1.20623
0.817321
-1.66726
1.31712
0.0287095
-1.08417
0.352419
-0.545428
-0.882642
-1.09356
-1.30512
0.99467
0.99467
1.07003
-1.38626
1.16527
0.67464
1.30882
-1.13529
-1.17342
0.548102
0.920991
-1.08681
1.33159
-1.03503
0.668712
-0.992682
-0.247065
1.02134
1.6523
-1.08494
0.787416
-1.30085
1.14094
0.207587
-0.832084
-1.18973
0.45294
1.40323
-0.722489
-0.885651
-1.55556
0.98298
0.98298
0.995214
-0.922526
-1.59797
0.896523
-1.00082
0.927905
-1.58547
0.818195
1.39671
0.999386
0.728927
-0.703505
-0.485523
-0.52187
-1.29113
-1.21981
-0.756543
-0.574233
1.38128
-0.880531
1.20452
1.09214
0.687391
0.620349
-1.08031
-0.86045
1.14878
1.06022
0.43826
1.6186
0.94037
0.476283
1.60369
0.740804
1.00789
-1.09784
1.29632
1.8708
1.32766
-1.21458
1.65236
-0.798274
1.36565
-1.32015
1.64832
-0.101919
0.78065
1.51988
-0.530106
1.74039
-0.614059
1.0464
1.27989
1.25487
0.538471
0.441481
-1.34937
-0.667752
-1.09182
1.2532
-1.00327
0.948221
0.948221
-1.35828
-0.435509
-0.569869
1.62507
-1.44768
-1.17435
1.23248
-0.426332
-0.465684
-0.384362
1.18492
-0.939568
0.73254
0.886196
1.18992
-1.07595
0.492665
1.25115
0.600636
-1.40567
0.0817672
-1.34057
-1.86789
-1.29393
0.484896
-1.92866
-1.03038
1.38448
0.850498
1.57433
1.54917
-1.0146
-0.584572
1.03893
-0.923103
1.01986
0.84095
-0.970543
-0.960956
0.886716
1.23876
0.530614
0.932125
0.885597
0.931021
1.19223
0.755093
0.928312
-1.65083
0.890278
-1.24703
-0.735262
-1.43831
-1.21682
1.02414
-1.77454
-1.14622
1.06246
-0.674454
1.12382
1.09537
0.462769
-0.620174
1.27234
1.19713
-1.34042
0.755512
-1.208
0.600423
0.631484
1.74132
-1.54001
1.13878
-1.04523
-0.951136
-0.786886
1.02414
0.802392
-1.15009
1.25953
-0.67986
0.728573
0.838375
0.952293
-0.530632
-0.86162
-1.18097
-1.18097
-0.695803
0.939579
0.658601
-0.88368
0.887106
-1.35336
-1.35336
1.10195
1.10195
-1.05527
-1.98866
-0.450457
1.40107
-0.421645
0.731194
1.10197
0.616094
0.505808
-1.29419
-0.951401
-1.04748
-0.37581
0.761986
1.27958
-1.12293
-1.53872
0.402153
0.447655
-1.11964
0.96412
-1.03299
1.41658
-1.36022
-1.14092
-0.902394
0.486346
0.696079
-1.31979
-1.06742
-0.390436
-1.20316
-1.18438
-0.618995
1.0656
0.723301
-0.787661
1.527
-1.59444
-0.742019
-1.43871
1.42588
-1.11147
-1.46575
-1.13562
-0.843224
1.67021
1.35757
0.871867
0.506768
1.63083
-0.944168
-1.07174
0.906551
-1.06288
-1.07981
0.756515
-1.12602
0.737005
1.06356
1.08538
-0.548651
0.732627
0.692018
0.628072
0.989514
-0.136224
0.681421
-0.870584
1.23814
-1.27173
0.682237
-1.21795
0.846749
-0.431524
1.05745
0.538224
1.24285
-0.127841
1.29976
-1.46358
-0.679841
-0.429198
-0.980736
-1.00439
-0.75497
-0.492493
-0.640585
1.01914
-0.843257
-0.665999
1.61024
0.917021
1.39538
-1.31794
1.25781
-1.19704
0.836358
-0.298538
1.36521
0.903626
0.425951
1.0735
-0.586756
-0.734402
0.662183
1.14659
-1.16297
-1.3199
0.787094
1.94153
1.43065
1.41795
1.05811
-0.998545
-1.49463
1.63296
0.699698
0.517021
0.592132
-1.26348
1.24582
0.810187
0.900774
-1.33328
0.743778
-1.52602
1.36897
0.632249
0.835666
-1.30282
-1.19593
-1.18836
-1.47327
-1.28633
-0.701381
-1.3779
1.10427
1.36096
-1.76256
-0.830811
1.16552
1.16552
-0.766183
0.611182
-1.61406
0.846326
-0.927063
0.939935
1.08834
1.31712
1.58023
0.845523
-1.4681
-0.48423
0.777105
-0.597866
1.77084
-1.38357
-1.09836
-1.15984
0.873197
1.25824
-0.956117
-0.717445
0.873097
-0.886629
-0.724319
-1.15897
1.2336
-1.09604
-1.01723
0.822946
-1.01517
-1.20818
-1.28608
1.6763
1.62566
-1.29388
-0.273009
0.762195
0.757521
0.865949
-0.947911
1.15138
-0.846873
-0.520215
-1.21075
0.91214
1.05526
1.12895
0.667452
-0.781694
-0.633518
1.09512
0.709175
-0.556413
0.514536
-0.688597
0.984016
-0.826317
-0.395687
-0.747463
1.30832
-1.18056
0.5697
1.51455
-0.996634
1.07036
-1.68526
1.31213
-0.69272
1.06019
0.138141
-0.986637
-0.814489
1.20648
-0.943728
1.27018
1.14947
-0.807606
-1.23589
-0.948874
0.539747
1.1753
1.24771
0.222106
0.997129
1.43563
1.11381
-1.00437
-1.00437
-0.726363
0.713414
-1.02876
-0.82678
0.743404
1.48744
0.94666
-1.12746
1.08116
0.991902
0.664355
1.01833
1.04665
0.09673
-1.04909
-1.10651
-0.915196
0.993843
0.993063
1.12385
0.798467
-0.939366
-0.957922
-1.30239
-0.786539
-1.03964
-0.98856
-0.672217
-0.338524
-1.18207
1.24442
1.47175
0.729836
0.680848
-2.01063
0.845334
-0.913263
-1.35595
-0.42921
-0.968205
0.933164
-0.953712
0.565691
-0.956447
-0.953901
1.14915
1.18164
1.22389
-0.0678608
-0.729167
-0.941666
-0.991876
1.2975
-0.651106
-1.51554
1.31422
-1.14864
-1.61002
0.729468
-0.423109
0.941508
-1.40093
-0.90296
0.771541
-1.46102
-1.11156
1.60072
-1.1775
-0.150582
1.323
-1.39446
-1.691
1.79079
-0.880215
1.01217
-1.32771
-1.75119
-1.09978
0.670697
-0.547105
1.00049
-0.940153
0.748077
0.997964
-1.16208
1.50735
0.826749
0.832988
0.956104
-1.96128
-1.47335
-1.00156
1.08759
0.728046
-1.23243
1.16104
-1.56664
0.545057
-1.34175
0.875385
1.14353
-0.939416
-1.02165
0.393345
1.18021
0.557118
-1.30033
0.790057
-1.02373
-0.720673
-1.30559
0.660264
0.610088
0.651335
-1.22242
-1.22242
1.54957
0.996153
1.4641
-1.11398
0.858756
0.897527
1.64409
0.343062
-0.676153
0.833604
1.32071
0.838997
0.786673
-0.475584
0.630218
-0.548987
-0.548987
1.02458
0.741308
-0.611953
1.36424
0.828634
-0.773389
-1.22689
1.07709
-0.645657
-0.81235
0.787435
1.50074
0.726496
-0.767719
0.763286
1.00853
-0.746389
0.338927
-1.09734
-1.06139
-0.522461
-1.0528
0.824574
0.624344
1.02028
1.40585
-1.61411
0.783485
-0.469617
0.800507
-1.33547
1.28615
-1.09819
-1.46925
1.62347
-1.19069
0.768561
0.460152
-0.779958
1.24976
-0.911102
-1.13017
1.55597
-0.768415
-1.22928
-1.35367
-0.767262
-1.13649
0.783192
0.957178
-1.48816
1.31511
1.3046
0.775862
1.04532
1.18656
-1.42274
-1.42274
0.24003
1.18541
-0.965327
1.53964
0.975032
0.999414
0.466573
1.20419
-1.26786
0.961454
-0.78701
-1.10462
1.05131
1.30659
-0.796934
-1.38011
1.09044
1.27611
-1.07994
1.14323
0.720734
1.36297
1.02212
-0.943657
-0.435342
1.04505
0.785514
1.68898
-1.25016
1.05513
-1.88284
-0.968749
-0.548732
0.890938
0.336675
-1.1201
1.69729
1.48114
1.45164
1.30319
1.19304
0.785951
0.840361
0.0991963
1.16272
0.600168
0.770087
-1.46144
1.52469
1.45601
0.641866
-0.315119
-0.560201
-1.35775
-0.500753
-1.04241
0.88468
-0.498599
-1.04432
1.21037
0.447565
0.51996
0.425079
-1.30357
0.427661
0.851164
0.951448
-1.76058
0.693501
0.967592
0.490969
1.64685
1.31366
-1.03308
-1.37539
1.3677
-1.05083
0.852341
-1.16155
-0.913689
-0.371165
-1.2939
0.938016
0.698839
0.675375
1.30162
-1.08454
1.04174
1.32119
0.894009
0.215262
-1.08669
1.15331
-0.346822
0.369995
-1.04717
1.09196
1.03619
-1.35209
-1.68186
1.404
-1.17206
1.20048
-1.2207
-1.16026
-1.6763
1.73899
0.806384
0.385424
-1.23386
-1.17821
1.69971
-1.26785
1.94262
1.55759
0.903921
0.652915
-0.891174
1.57755
-0.299779
0.762291
-0.615865
-0.985705
-0.780932
1.09947
1.46089
0.88761
-0.750926
-1.47931
0.985766
-0.780559
1.06284
-0.629335
1.06671
0.697487
-0.693337
0.728508
1.14093
-1.05431
0.998114
-1.06565
0.895814
0.895814
-0.918929
1.00439
1.02299
1.21012
1.67281
-0.18259
1.31842
0.830989
-0.943909
0.0894798
0.484611
1.62203
-0.866391
1.12879
0.805167
1.00481
-1.24832
-1.34717
0.894513
0.604021
-0.600327
0.821772
-0.623042
-1.57606
-0.167208
0.822825
0.468187
-0.941993
1.01273
-1.4084
1.39185
-1.14733
1.18486
-0.849136
1.0974
0.580097
1.33078
-1.63113
1.40834
1.37942
1.05963
0.748071
-1.02205
1.11147
0.704366
-1.27037
1.56776
0.897771
0.890583
-0.767455
0.976654
-0.799086
1.48271
-1.03652
0.820752
1.12589
1.09349
0.747107
-1.04202
0.101065
0.864962
0.352946
1.08081
1.17509
0.629341
1.05816
-0.984431
1.20075
1.17463
-1.34773
-0.837963
1.19625
1.31217
0.681107
-0.879442
1.42376
-0.938785
-0.960888
0.897911
-1.28978
-0.994424
0.688494
0.479685
1.0356
-1.14262
-1.41909
1.22051
0.638536
1.03329
0.865899
-1.27197
-0.953125
1.66639
-1.02325
-0.942987
0.697279
1.27281
0.513047
-0.56137
1.91277
-1.18825
-0.697117
-1.21648
-0.699204
-1.30197
-1.01446
0.830153
1.03196
0.95344
0.753397
-1.04408
-1.23847
-0.670642
0.935405
1.06799
1.53077
1.02605
-1.49468
0.97478
-1.15998
-0.262175
1.15328
1.54369
-1.08045
-0.637203
0.17971
0.67841
-1.09203
0.715678
1.1628
-0.586567
1.18812
-1.14263
1.07554
1.40766
1.1969
1.07133
-0.894477
-1.07778
-0.610684
1.24805
1.04418
-1.58312
-1.18897
-1.18998
1.12189
1.16726
-1.12105
-1.33347
-1.47646
0.0103173
-1.05075
-1.48138
1.0128
-0.450215
-1.21701
1.09066
-0.904396
1.07201
1.07201
1.17871
0.636325
0.913238
0.944683
-0.752992
-0.0933414
1.05464
-0.867452
-0.619486
1.61127
1.12644
-0.00158819
0.77216
0.946151
-0.756598
0.843694
0.971644
-0.891211
-1.19982
-1.12284
-1.35105
0.798838
-0.302384
-0.350485
0.916839
0.981005
0.189377
0.753519
-1.34228
1.20275
1.57292
0.984567
0.904731
0.477413
0.363834
0.885855
0.822788
1.47219
-1.17061
1.25264
-1.48459
0.486933
-0.627289
-0.544518
-1.08318
-0.654126
0.152542
1.32357
-0.095269
-1.14134
0.944642
0.944642
0.624914
-0.454622
1.16403
-0.419107
1.72761
0.385867
-0.654583
1.10472
1.24317
-1.29771
-0.474871
1.16471
-1.08546
-0.851768
0.922103
-0.846682
-0.687481
0.76489
-0.526523
-0.94528
0.821653
-1.21235
1.32608
1.02131
1.52102
1.18657
1.25705
-1.50342
-1.00165
0.562411
1.11598
-0.448643
1.25793
-1.21523
-1.52467
1.35908
-0.9175
-1.63688
-0.558733
0.882306
1.05561
0.913883
0.942556
-0.915914
-1.37584
-0.87112
-1.17908
-0.997788
-1.16795
-1.18774
-0.394591
1.13978
-0.901161
-1.15847
-1.29804
-0.721613
1.23029
0.541967
0.99795
0.978695
-1.09808
-1.09808
1.22176
-1.30373
0.993706
-1.02434
0.623195
-0.208962
0.344036
1.33102
0.95542
0.758797
-0.94655
0.817575
0.837584
1.01638
0.920384
-0.739755
0.5608
-0.858813
0.501373
-0.68326
-0.608873
0.345199
0.545267
-0.885259
1.33822
0.797114
0.740905
0.82999
-1.48242
-0.874738
-1.27074
-0.597836
1.75822
-0.810713
-0.820235
0.969404
-0.82581
1.05085
0.663188
-0.966577
0.755308
0.852289
0.641081
0.0312318
0.480411
0.8125
-0.836957
1.06727
1.0235
0.935451
-0.774989
-0.927212
0.563293
1.00906
-1.69154
-0.923972
-1.97013
-1.14483
-0.723236
-1.25995
-1.88159
-0.348477
-0.686412
-1.11503
1.32712
0.451508
0.667954
-1.06998
0.821781
0.19819
0.987435
-0.667251
0.918749
0.172658
-0.563867
0.660959
0.663481
-1.1374
-1.35087
-0.989627
-0.965881
-0.948095
0.27302
0.828212
0.595215
-1.04034
-1.08816
0.861839
-1.79036
1.18475
-1.0877
-0.827367
1.27185
-1.23316
1.16371
-0.319091
-1.33999
0.442532
-1.25691
0.465732
1.16168
1.11446
0.646996
0.940916
-1.02208
0.911324
-1.42122
-1.36594
-0.995904
-1.22001
-1.16901
-0.0656077
1.08321
-1.41044
-0.973514
0.976859
-0.844126
-0.725366
0.680688
1.12232
-0.841031
0.414476
-1.3327
0.760024
1.63252
1.04354
-1.25292
0.867697
-0.740226
0.486447
-1.25531
0.779447
0.493963
1.04395
0.598127
0.844891
1.17621
0.981927
0.932021
-0.96274
-0.991791
0.703986
0.881232
-0.502526
1.21983
0.477006
-1.6719
-1.84924
0.448531
0.803898
-1.21186
-1.62723
-1.22837
1.3157
0.882027
0.948818
-0.92557
-1.0799
-1.07289
1.2888
0.606795
-0.453539
-0.972376
0.161195
-0.434164
0.934347
1.05998
-1.09978
1.41984
1.14389
-1.05705
0.795108
0.538204
-0.530802
0.984951
0.135535
0.871095
0.824419
0.970353
1.45474
-0.874915
0.964996
0.952803
1.11063
0.5253
0.39129
-1.10799
-0.860923
-0.860923
0.897946
1.31997
-1.25506
-0.343654
-0.730336
-0.685412
1.45623
-1.15824
-1.22801
-1.65307
0.968282
-0.511676
-1.33922
0.940643
1.00221
0.94379
-1.19501
0.960341
-1.1256
1.25739
1.14561
0.165375
-1.33794
-0.801184
0.580503
-1.22815
0.391737
-1.38008
-1.69571
-0.993062
-0.283118
-1.63536
1.05765
0.565736
1.00101
0.325721
0.937972
1.40122
-0.786491
-1.20533
-0.767118
-0.656622
-0.908012
-1.13903
-1.44843
1.07315
0.694423
-0.972092
0.87705
-0.879095
-1.44576
1.54874
-1.18698
-0.930525
0.820851
-0.646069
1.06417
0.808131
1.20847
-1.08238
-1.2644
1.34936
-1.27865
-1.24335
0.659527
1.40126
1.17323
-0.577889
0.903545
-0.22596
1.65333
-0.79118
0.92004
1.19764
-0.619767
1.04073
-0.915483
-1.59961
1.29551
-0.659008
1.19197
1.15847
-0.818825
0.908639
1.14507
-1.44785
-1.335
-1.36238
-1.14525
1.10418
1.40857
0.866057
0.715112
-1.21706
0.69043
1.14038
0.618515
0.948807
-0.79119
1.29658
1.13075
-0.73646
0.777816
-1.17382
-1.21029
0.68097
1.25258
-1.14697
0.777941
1.10946
-1.84995
0.84798
-0.769111
1.12112
1.33826
1.56579
1.46542
-0.0122745
0.494842
0.995825
-0.346958
0.446992
-1.10789
-1.31994
1.70352
-0.606525
-1.33533
0.644739
-0.605981
1.06888
1.05535
1.02546
1.35469
-1.22549
0.682692
0.833589
1.04508
0.810071
-0.501575
-0.782232
0.86207
0.598795
-0.303851
1.24935
0.693343
1.3505
1.20758
-0.65512
1.8529
-1.92424
-1.20877
-0.688355
1.45306
-0.582715
0.669116
1.42091
-0.806749
0.189291
0.954334
1.30707
0.771385
-1.57403
0.0904577
0.820041
-1.20911
1.10306
0.968515
-0.84941
-1.09888
0.77167
-1.44998
1.10643
-1.28076
-0.793071
-0.657952
-0.910027
1.13199
-1.2371
-1.20125
1.33582
-0.601208
-0.984874
-1.04388
1.27811
-1.54221
0.599031
1.02725
-0.512815
0.63746
-1.4423
1.16021
-1.13336
-0.835813
-1.33443
1.15984
-0.828118
1.15152
0.565807
-1.04768
-0.856648
0.772757
0.323267
1.20538
0.627064
-1.26565
-1.241
1.46445
1.5168
1.00091
-1.373
-0.83638
1.18063
0.697031
-1.33775
1.05737
-0.408504
-0.0798723
0.793037
1.17832
1.08695
1.14456
0.563429
-0.601899
0.601617
0.922945
-1.17165
0.980408
-1.37602
-1.76448
-0.765718
-1.29868
-1.34209
-0.384198
-1.31054
-0.346922
-1.18276
-0.711036
0.644581
1.08638
-0.834147
-1.43325
0.758622
0.955362
-1.1526
1.1325
-0.916907
1.31241
0.666492
-0.94779
1.73592
-1.30578
0.729898
-1.18001
-0.959551
0.714131
-1.09164
0.257453
-1.4595
-1.02525
0.969103
-1.19769
0.941968
0.941968
-0.484582
0.892812
-1.37878
0.976268
-1.29601
1.1206
1.18984
-0.493815
-0.855748
-1.38194
0.178073
0.781664
1.2288
1.39182
1.27291
-0.588784
1.51953
-0.297815
-0.7146
0.675766
1.00606
0.469991
-0.977439
0.906222
1.96149
1.01795
-0.786944
-1.2035
0.547264
0.354708
1.28673
0.72158
1.38718
-0.787353
1.4632
-1.3771
0.651713
-0.812755
-1.4442
-0.545673
-1.24834
-1.38601
-1.65401
-1.28577
-0.954324
-0.202395
1.04108
0.633708
0.978196
0.944579
1.14997
-1.03586
-1.37306
-1.7574
0.982661
-0.646665
0.873793
-1.25876
-1.41257
1.79988
-0.476369
1.39613
0.838967
-1.625
0.808785
1.05811
1.54381
0.542029
-0.514931
0.642553
-1.00443
1.48119
-0.834956
-1.8199
1.19572
-1.6943
-1.13094
0.593431
0.858613
0.620746
0.999484
-0.37797
-1.52182
-0.836704
0.908424
0.812257
1.22891
1.12647
-1.44486
-0.823446
-0.936802
-1.01778
-0.718236
-0.716753
-1.11815
-1.07264
0.822799
0.804246
-1.31764
0.98562
-1.07821
-1.06254
-0.82588
-1.30375
-1.28279
0.814916
0.83189
-1.22227
1.01125
0.653268
1.04014
-1.21197
0.926135
1.12888
-0.863663
-0.606152
-0.808572
-1.22151
-0.878134
0.875541
0.420456
1.85118
-0.539234
1.27413
-0.874529
0.745814
-1.23939
-0.589409
1.16703
-0.999659
-0.999659
-1.0711
-0.914578
-1.17049
1.26447
-0.942562
1.26727
-0.703082
-0.53306
1.00246
-0.7522
-0.811125
0.763737
0.797258
-0.942612
0.629494
0.565198
-0.784923
0.765414
-0.455129
-1.73159
0.778179
-1.03857
-1.13956
-0.933864
1.22785
-0.371465
-1.38926
-0.819646
0.203081
-1.42252
0.769766
-1.16967
1.16036
0.50732
-1.94738
0.680237
-1.08372
0.833799
0.0905091
1.33008
0.748999
0.911815
-0.94528
-0.993285
0.49515
1.4558
-0.696905
1.02827
1.15268
1.55303
0.86121
1.07713
0.883119
-0.333529
0.903029
1.26335
0.957499
1.32848
-1.01063
-0.530106
1.50087
0.469954
1.01047
0.622378
-1.60315
0.592897
-1.33577
-1.11729
1.22825
-1.33597
0.0967261
1.35306
-0.982061
-1.42084
-1.31374
-0.949198
0.741978
-1.84776
-1.00449
-0.825112
0.911192
-0.884583
-0.778916
-0.730235
-1.6758
0.998371
1.00425
0.876176
-0.81691
0.212417
-1.37675
-0.996054
-0.927914
0.854404
1.33292
-1.39771
1.23816
0.948872
-0.85879
-0.885374
0.649962
-0.23361
0.696509
-0.883942
1.47739
-1.24679
-1.08242
-0.961058
-0.961058
-1.16409
0.997861
0.00958221
1.44187
-1.23832
-0.717299
0.658688
0.672
0.609238
-0.688488
-1.44394
0.72244
-0.937526
1.03189
0.756474
0.973241
-2.13204
-1.20931
-1.10446
1.07826
1.01721
-0.159702
-1.11282
-1.25316
1.4975
-1.09945
-1.04068
-0.88042
0.889537
0.583058
-1.06564
0.956711
-0.801525
1.35939
-1.1188
-1.65304
-1.04847
-0.950758
-0.736456
-0.246178
0.838855
0.841708
-1.22314
-0.766199
0.849104
-0.730848
0.606848
-0.359381
-1.32673
-0.743747
-0.754908
1.08675
1.75799
-0.901762
1.20953
-1.61575
-0.936921
-0.936921
-0.86188
-1.02815
0.886904
0.949947
-0.94986
1.1249
0.878051
1.29327
-1.02028
-1.2423
0.816985
1.60977
-1.09109
-1.53905
-0.654234
-1.14407
-0.68623
-1.50238
-1.13832
-0.717541
1.1763
-1.53936
-1.48091
-1.06044
-1.0675
0.718503
0.897252
-0.817038
0.666806
-1.03014
0.716833
0.358506
-0.706161
-1.32726
1.3083
0.787546
-1.15961
-0.758921
1.04021
-1.05865
-1.04037
1.51533
0.999285
0.984716
-1.66742
-0.387114
-1.06861
-1.22278
-0.701403
-1.51008
0.99468
-0.830529
-1.57366
-0.848514
0.730304
-1.20913
-0.812706
-0.812706
-0.32766
-0.880077
1.42304
-1.12317
-1.15882
-0.211034
1.31251
-0.491227
-1.14835
-1.00113
-1.03357
0.408251
0.819927
0.579282
1.44314
0.495394
-1.41975
-1.25943
-0.90477
-0.90477
-1.42162
0.816009
0.896903
1.17047
0.654928
1.30125
-1.07748
-1.24753
1.13037
-1.30069
1.39247
-0.637836
-1.28545
-1.22286
-1.17048
1.37253
-1.35499
1.34104
-1.19318
-1.99752
1.24949
1.70247
-0.831785
1.30953
0.568142
-0.823775
0.596365
0.418369
-1.2018
1.36656
-1.03157
-1.30695
1.07565
0.707258
1.67169
-1.39396
-1.65727
-1.50524
-0.529324
1.07018
1.07018
-0.0675383
1.15868
-0.98708
-0.688221
-0.991303
1.35125
-1.07892
0.9249
1.20235
-1.20901
0.695897
0.749902
-1.07169
0.614952
-0.651389
1.49566
0.917102
1.07724
-0.624741
0.735896
0.913232
0.871013
-0.823929
-0.38081
0.828692
-1.0465
-1.48826
1.34524
-1.02382
-0.798616
1.09253
1.15472
-1.12271
-0.329328
0.531141
-0.997774
-0.371373
-1.18817
1.56639
-1.18414
0.299358
1.1334
1.09577
-0.856636
-0.856636
-0.548533
0.831059
0.978236
0.924874
1.5056
-1.00048
-0.512802
-0.862563
0.989339
0.316906
1.23718
1.32222
-1.6316
-0.682349
1.73059
-1.49633
0.898866
-1.47806
1.64924
1.31262
1.6065
-0.913415
-1.20074
1.01307
-0.850348
-1.05326
0.50431
1.09623
1.05918
-0.305674
-0.734082
-0.34186
-1.22942
-0.627796
-1.40469
-1.26718
0.603704
1.35328
-1.04861
-0.18332
1.4589
-0.976766
-1.34363
1.27694
-1.21713
-0.327388
-0.49028
1.54709
-1.27754
0.68919
0.74474
-0.997555
0.976657
-1.0949
-0.448995
0.333659
1.05514
1.05514
-1.11358
1.06193
1.08821
1.21761
-0.88232
-1.34129
-0.218656
1.33465
-0.708278
1.40488
-1.10089
1.11179
0.92097
-1.64712
1.03268
0.533171
-1.73308
-1.30886
0.397231
0.579543
0.607185
1.19965
-1.02782
-1.40038
0.741854
-0.865401
-1.08072
-1.37028
1.22712
1.2462
-0.986433
-1.35381
1.04217
1.13873
-0.820879
-1.59041
-1.08085
-0.914731
1.11114
-0.158619
-0.679266
1.25138
0.523861
-1.46538
-0.788251
-0.418731
1.08957
-0.517432
-0.769297
-0.424961
-0.865129
1.68539
-0.483616
1.02648
-0.761507
-0.850739
0.492586
0.978114
1.2239
-1.01994
1.04283
1.02355
1.20261
-1.20849
0.784341
-0.340688
-0.723533
0.854221
0.62971
-1.35734
-1.30354
0.987233
1.20908
-1.11654
-0.892796
-0.802877
1.23504
1.66821
1.04583
1.09544
-0.743933
1.23422
-1.26077
-1.38962
0.782549
1.15717
1.72076
0.872096
1.37371
0.725299
1.17502
-1.08253
-0.731151
-0.796804
1.16813
-0.482423
-0.579212
-0.70477
-1.34161
0.846213
-0.184945
-0.811051
-1.35568
0.70719
1.06802
0.634296
1.14585
-1.72415
-0.468658
1.55078
-1.10549
0.7081
-0.72187
-1.27083
1.18542
0.842044
-1.03555
-1.30421
-0.965527
-0.88782
0.814651
-1.06837
0.843754
0.843754
0.630082
0.139913
1.17427
-0.398353
-0.723171
0.704564
-0.975004
0.332861
1.21118
-1.07466
-1.2597
0.439735
-1.56817
0.971276
-0.821301
0.737106
1.23959
1.0326
1.64655
1.55819
1.56944
1.42559
0.554257
-1.69442
-1.69442
-0.684965
-0.507583
0.923295
-0.852468
0.86432
1.08174
-1.76825
-1.44777
0.816543
1.12883
-1.14351
-1.04055
0.15028
0.94214
-1.1965
-0.892971
-0.835486
-0.835486
1.07064
0.445391
1.1053
0.149781
-0.236749
0.420026
-0.418475
1.21109
1.21109
-1.93119
-1.28858
-0.779623
0.840316
1.43163
0.846266
-0.837336
-1.56996
1.27138
0.419565
1.19364
1.39412
1.03782
1.2419
-1.0207
1.3001
0.0425114
-1.43251
1.6398
-0.383287
-0.927897
0.944445
0.871006
-0.693885
1.47279
-0.346486
-1.04042
1.12973
-0.917771
-0.54215
0.976664
-1.12277
1.27544
0.81646
-0.891494
1.47277
-0.929143
-0.813478
0.636934
-0.88586
-1.1163
-0.952088
-0.996713
-0.996713
0.9177
-0.63979
0.713958
-1.29542
0.694384
-0.0267016
1.36295
0.873953
0.400162
-0.520842
-1.26532
-1.27892
-1.56768
-1.48215
-1.21619
-0.767192
1.14947
-0.74855
-1.74145
1.07537
-0.719155
0.454246
0.760215
1.13271
0.834146
0.887352
-1.05584
1.00629
1.28379
-0.563227
-0.881801
1.27191
-1.00422
-1.15103
-0.866635
0.88324
0.68473
-1.24891
-0.961824
0.851854
1.62952
-1.00828
1.30545
0.900526
0.939668
0.770978
-1.43552
-0.755886
0.39628
-0.820494
-1.23377
1.31051
-0.826853
1.00656
-1.24787
1.0722
1.30733
-0.793262
0.632234
-1.14386
-0.327763
-0.636903
0.686103
1.00026
0.483709
0.77696
-0.805934
0.788958
-1.23952
-0.928822
-0.868382
1.10242
1.07122
-1.15632
-1.03628
0.206591
1.5493
-0.770165
-0.907376
0.648559
0.780279
0.938146
-1.20787
-1.45945
-0.540128
1.17813
0.97604
1.02593
1.16344
0.705999
0.799681
-0.426352
-1.47246
0.595793
1.10534
1.10534
0.516262
-0.840597
-0.240233
-0.826573
0.754772
1.1902
0.605457
-0.583758
1.51783
-0.681182
0.679367
-0.912621
0.756685
0.844831
-1.01074
-0.885548
1.41797
-0.641316
0.85811
-0.800195
0.577445
0.889096
0.282298
0.949338
0.787212
0.873128
-0.949704
1.11917
0.800125
0.871786
1.19243
1.17944
-0.727392
-0.466128
1.02042
-1.08933
-0.954899
-0.511743
-0.953855
1.65208
-1.10556
-0.798536
0.80718
-1.01298
-2.20383
1.34615
-1.10541
-1.1519
0.81705
1.01646
-0.956015
1.17952
1.1687
-0.115488
-1.29902
-0.107272
-0.511196
-1.49784
-1.00563
-0.87632
-1.29504
-0.967793
-1.33038
1.49065
-0.63087
0.637449
-1.36714
0.613154
-0.962277
1.66713
0.925807
0.953018
-1.01739
1.05731
-0.944392
-0.630221
-0.974859
0.75814
-0.53181
-0.96732
0.54099
-1.1554
-1.60869
-1.20914
1.58678
-0.869493
-0.869493
0.721012
-1.28408
0.936292
1.0947
-1.1225
-0.285024
-1.34215
1.49249
0.819516
-1.26364
-0.585936
0.69833
1.77881
-1.42929
0.992532
-1.33519
-1.07515
-1.59698
1.24264
-1.19003
1.68957
0.735523
-0.724945
-1.92266
1.15634
1.67172
-0.715398
0.910232
-1.35334
-0.866893
-1.35513
-0.980704
-0.828775
1.27995
-1.52434
0.740757
0.823456
-1.28016
1.32544
0.709493
1.30939
1.5883
-1.08144
0.985573
1.0739
-1.09004
-1.44736
-0.599949
-0.538049
-1.81068
-1.51576
1.40395
0.883022
0.738833
-1.15179
-1.10933
-1.34772
0.984611
0.344226
-2.12189
-0.785826
-1.32875
-0.405639
-1.21383
1.10435
0.72488
1.04686
-1.15032
-1.2216
1.03291
-1.39087
1.39152
0.86443
-0.962359
-0.962359
1.74838
1.20364
0.830722
1.32162
0.567977
1.34304
0.376585
-0.624108
0.753995
-1.03879
1.15384
-1.44002
0.660857
1.3973
-0.905522
-1.26514
-1.38724
1.31116
-0.629813
-0.408715
-0.941693
0.852787
-1.14802
-0.832668
-0.789464
0.782738
1.09805
1.21094
0.955303
-1.45285
0.581048
-0.9061
0.679313
-0.513598
0.583214
0.864215
-1.21314
1.04197
0.4388
0.803144
0.994671
-0.946606
-0.514134
0.85901
1.21263
-0.92628
-0.790355
1.38091
-1.85805
-1.85805
-1.21895
0.808103
-0.664386
0.912712
-1.05626
-0.846999
0.927082
1.45273
-1.00335
-1.01471
1.08081
-1.60474
0.715671
1.04768
-1.19765
-1.84598
1.23938
1.62488
-1.49845
-0.953058
-0.937259
-0.936136
-0.850338
-0.479605
-1.29315
-0.469091
1.42254
0.813472
-0.952869
-1.17946
-0.67022
0.661165
-1.27173
0.964382
1.13327
-0.867266
1.66034
1.28945
-1.15726
1.64704
-0.23838
1.02154
-0.481591
0.835658
-0.223312
-0.665701
1.27626
1.78959
-1.27568
1.35581
0.212141
-0.794595
0.792553
0.886088
-1.21182
-1.40605
1.11651
0.785002
1.67728
-1.3907
-0.618294
0.937493
-0.998222
-1.15416
0.823286
1.14407
1.2021
1.57148
0.653853
-1.1176
-1.26358
0.753514
-0.671286
0.162744
-0.897
0.744524
1.32487
0.318899
-1.01383
-0.918443
0.909193
0.430546
-0.617336
0.641921
1.03191
-0.904513
0.788921
0.762033
-0.779188
-0.52423
-1.00015
0.983895
-1.25908
-1.0067
-0.767863
-1.01149
-1.01033
-1.01033
-0.481898
1.0276
-0.80846
-0.80846
0.429142
1.45128
-0.457511
-0.386114
1.2915
-0.942689
-1.11415
0.468467
-0.902519
0.756572
-1.40012
-1.72156
0.357639
-0.529003
-1.66592
0.8334
-0.941691
1.27158
0.550801
-0.392762
1.06634
0.813117
-1.1855
-1.51775
-1.3124
1.56913
0.591399
0.988801
0.987621
-1.08596
-1.33753
-0.782412
-1.12062
1.07086
-0.59965
0.706766
-1.11847
0.161277
-0.917273
0.802086
-1.62748
-0.878051
-1.48547
1.11032
0.787013
1.60619
-1.3723
-0.668818
-1.201
-0.744018
1.27446
0.938724
1.56968
0.824423
0.303428
1.21481
0.929361
1.31972
0.780798
-0.633116
1.45951
-1.16039
1.17593
1.30849
-1.21391
-0.656709
0.781293
-1.35612
-0.711521
0.811269
0.911147
-0.876265
-1.21097
0.87643
-1.31357
0.717102
-0.632054
0.0141112
1.29899
-1.25064
-0.368627
-0.511114
-0.917157
-1.16281
1.12728
-1.22909
0.520984
0.784192
-1.12286
1.54415
0.650643
0.785308
-1.42253
-0.991555
-1.45214
-0.892432
0.883268
0.854599
0.721886
1.59201
1.18829
1.19172
1.75568
1.5143
0.337156
-0.915315
-1.00865
-0.747777
-1.12215
-1.20388
0.620236
1.02231
-0.827152
1.07325
-0.68261
1.13444
0.898462
-1.75839
1.35139
-0.726676
1.16163
0.710127
-0.856332
-0.546409
0.873655
-0.985335
-1.27611
-1.35043
1.77406
1.14782
-1.08471
-0.70074
0.524802
-1.14469
0.825721
0.80005
0.925938
0.601094
-1.16328
1.3161
-1.17604
-0.456349
-1.2485
1.48189
0.889936
1.2704
0.96347
-0.549301
0.788322
-1.33294
-0.30475
1.23211
1.28541
-0.93744
-1.15877
0.902369
-0.555646
-0.678862
0.395995
-0.870402
1.05654
-0.203184
1.05133
0.956528
1.0618
-1.54278
0.633543
-0.688157
-1.2721
-1.90418
1.01581
-0.662898
-1.14562
0.840166
0.840166
0.981172
-0.696798
1.7445
0.711923
1.15381
-1.15909
0.879149
-1.2115
-1.01787
1.15229
-1.10168
-1.10292
0.492967
-0.660512
-1.1428
0.873905
1.47303
-0.763614
-0.816024
0.634363
-1.1204
-1.29689
1.21729
-0.769017
0.847676
0.246035
-1.08989
-1.24734
-1.09204
0.995638
-0.904488
1.57051
-1.4388
-0.99252
-0.744658
-0.755588
0.697839
1.34086
-0.965704
-1.07198
-1.49064
1.22314
0.471719
1.51464
1.12676
-0.784247
1.03963
-1.28121
1.53976
1.19774
-0.902356
1.58921
0.711185
1.02648
-0.673419
0.785687
-1.29782
-1.63792
-0.562513
0.692496
-0.988655
1.20051
1.36316
-0.858067
1.14017
0.793218
-0.940617
1.39205
0.8184
-0.554244
1.07501
0.995354
0.716988
-1.16211
-0.79784
1.41742
-1.18118
-1.3523
1.55711
1.52252
1.20554
-1.48036
-1.51499
-1.13443
-0.686177
-1.70024
1.19809
1.07774
-1.3138
1.26089
1.09248
0.567881
-0.51784
-0.863594
1.66506
1.20757
0.737798
0.604959
1.5668
1.70012
-0.548967
0.233294
1.0386
-0.621191
-1.05072
-0.556406
-1.0126
0.88075
-0.0489716
-0.775517
1.63977
-0.830873
0.690647
0.602343
-1.18664
1.07776
-1.21919
-1.07625
-0.985599
0.828081
0.609107
0.751832
0.685397
0.431784
1.72251
1.37821
0.683753
0.580029
-1.09321
-0.477086
-0.928008
1.48623
-0.930375
0.81223
0.731562
1.00193
-2.00594
-1.20783
0.760597
0.773892
1.0119
-1.25846
1.59211
1.55023
0.993436
1.18321
-1.31531
-1.5481
1.27058
-0.725643
1.25898
-1.249
-1.89121
-1.01612
-1.46731
0.729046
1.25811
1.40707
1.05253
1.47055
0.681006
0.880793
1.04565
-1.49862
1.18981
-1.4414
0.74543
0.521925
-0.940094
-1.28375
0.953096
0.635128
0.579531
1.01343
1.64544
-0.546922
0.924993
0.86626
0.723063
1.42322
-1.20229
-1.2852
-0.282653
1.54594
-1.00571
1.18168
0.671443
0.939061
1.33886
-0.694876
-0.756482
0.870475
-0.897625
-1.24268
1.28264
-0.750227
-1.05423
1.48819
-0.903655
-0.668063
-1.05933
1.09479
-0.015401
-1.52161
-0.586238
-0.143924
-0.543986
-1.09323
-1.04626
0.903078
0.854958
-0.841119
-0.832431
-1.02502
-0.885051
-1.05385
-0.658742
-0.665357
-0.691278
-1.30548
-0.693604
0.866735
-0.852768
-1.29335
-0.364815
-0.754616
0.652204
1.18499
-0.91697
-1.32765
0.705309
1.42126
1.37169
0.655163
1.09827
-1.3164
1.79497
-1.24965
0.421898
1.09775
-0.869964
-0.949804
1.23589
0.894207
0.948714
1.01411
0.876858
-0.973234
-0.722852
1.28654
1.97612
-1.05437
0.648425
-0.399291
-0.826225
-1.9554
1.26932
0.862457
1.16487
-1.39577
-1.09309
1.17906
0.80638
-0.7638
-1.24863
0.691072
-0.784737
-0.977211
0.629919
1.09005
-1.74072
1.50919
-1.36487
0.765796
1.11946
-1.3364
1.17309
-0.889612
0.90761
0.893977
-0.966243
0.357552
-1.14492
0.962573
-0.5544
-0.539238
1.19516
1.40171
-1.17513
1.05122
-0.977455
-0.146186
-1.04974
-0.177091
0.847803
0.372306
-1.04537
-1.50764
0.061989
0.59327
0.930902
1.23984
0.885039
0.504348
1.38479
0.666859
0.812612
-0.241742
0.854762
0.747982
1.08044
-1.13261
0.260101
0.845117
-1.40892
0.833654
-0.738814
0.765589
-0.399187
-1.22526
-0.531621
-1.14026
-0.675999
1.52791
-0.507058
-0.688923
-1.32665
-0.862886
-0.353109
-1.07882
-0.724941
-0.63906
1.7677
0.807706
0.904429
-0.84265
-1.30026
0.841098
1.06743
-1.16028
1.83609
1.09082
-0.639134
-0.779052
-1.06407
-0.759304
1.55849
-1.24567
1.27063
1.34788
0.72939
-0.521941
1.17118
-1.35489
0.585707
0.730456
-0.284575
-1.39773
0.975691
-1.44526
-1.41927
-0.804009
1.38081
-0.569506
-0.612037
1.32632
1.11497
0.187288
1.24699
-1.69321
-0.726375
-0.726375
1.71736
-1.04533
-1.58463
1.20768
1.12711
-1.04051
-1.2699
-1.14327
-0.503852
-0.854225
0.358925
-1.42692
0.771838
-0.220706
-1.32187
-0.660528
1.30067
-1.37381
-0.736325
-0.839226
-0.92106
1.67429
1.20218
1.24179
1.1946
1.04601
0.71062
0.79844
-0.973709
-1.46837
-0.952558
0.559851
-0.749524
0.885639
0.932816
-1.17243
1.2251
-0.479491
-0.744048
-1.08165
1.37503
0.361013
-0.581844
-1.42009
0.963181
1.32054
0.583886
-0.868421
0.661879
1.01439
1.24667
1.00578
1.30264
-0.969885
0.824326
0.544235
1.01349
-0.731513
-1.05526
1.09201
0.408476
1.08053
0.542081
-0.822581
1.19376
0.786402
-1.00802
-0.752615
0.927413
-1.05657
-1.05657
1.06882
0.601884
0.978959
-0.885632
-0.941098
1.43975
0.668637
-1.04282
-1.02949
-1.36517
1.11205
-1.07627
1.54277
0.338071
-0.918421
1.39967
1.187
-0.926416
-0.437
-0.643225
1.55429
-0.185778
-0.696621
-1.7443
-0.874172
-0.703167
-0.699258
0.558727
-1.24729
-0.805987
-0.67876
-1.57133
1.30406
0.861875
-0.0130002
-0.173572
0.988395
0.979699
-1.86771
-0.373173
0.522948
1.18388
-1.69659
-1.30455
0.766433
1.54949
1.06489
0.886479
1.00021
-1.73439
-0.811037
1.00905
-1.13482
-0.550001
1.71665
1.16737
-0.978289
0.904406
-1.18344
0.710256
-0.75098
0.724819
-0.961215
-1.08448
-1.12038
0.398078
0.638638
1.40411
1.57009
-0.713815
-1.22625
-1.12509
1.38384
0.933128
-0.834262
-1.40879
1.12825
-1.03941
-0.63725
1.1586
-1.80214
-1.41241
-0.647864
1.31828
-0.751696
1.41871
1.12128
1.20195
-1.10379
1.10992
-1.32654
1.61962
-0.569499
-0.380093
0.958324
-1.24288
-0.698811
0.796174
-0.42558
-1.23751
-1.10143
-1.63564
-0.733788
-1.09747
0.808604
-0.549798
1.52535
1.07803
-1.00724
-1.43372
0.289049
-0.649601
1.35936
-0.653042
-0.307338
-0.369775
-1.59941
-1.33199
-0.711666
-0.889266
0.736377
-1.1439
1.1997
0.37739
0.829878
0.872307
0.574341
-0.011516
-1.2922
1.12849
-0.951078
1.26049
1.01538
-0.962272
0.686867
0.81681
-0.585801
-0.698809
1.59444
-0.963761
-0.617372
0.282734
0.915321
0.480473
1.13154
-0.395181
1.23663
-1.33001
-0.866455
0.904059
-0.77792
-1.30855
1.00305
0.543259
1.45628
1.15644
-1.10073
-0.253791
0.737268
-1.57272
-0.616212
1.31348
0.595811
1.01367
1.01367
-0.951708
-1.26524
-0.433045
-0.858882
-0.936682
-1.16888
-0.870186
0.543484
1.41141
0.901248
-0.995269
0.984485
0.800514
-1.38267
-0.581154
0.498455
1.27687
-0.808065
-0.765153
-1.43215
0.597606
0.478201
-0.981666
1.19258
1.19258
0.756436
-0.945444
-0.960028
0.768237
0.988795
-1.13541
1.27615
0.635311
1.17938
1.15612
0.796028
-1.81874
0.698389
-0.860153
0.766566
0.733135
0.719713
0.79264
0.22694
-1.88336
0.516514
0.775602
-0.944561
-0.755195
-1.12094
-0.82387
1.56633
-0.33798
-1.14875
-1.49789
-0.816487
0.697326
-1.75065
-0.976503
0.483759
0.755703
0.613713
-1.78974
1.02363
0.142613
0.424855
-1.09724
-1.04289
1.41376
-0.00402335
-1.08589
0.726309
0.785143
-0.204191
-1.38683
0.530673
-0.999859
1.33618
1.65392
1.21829
-0.825697
0.806117
-1.40678
-1.06233
-0.90067
1.47289
2.02742
0.489257
0.89401
-1.6024
-1.41633
-1.48558
-0.831571
0.904776
1.16393
1.19787
0.684598
-0.80919
0.709911
0.981875
-0.894518
1.01833
1.01833
1.07574
1.45658
1.14961
1.61475
1.50935
0.87061
0.719159
1.12501
1.60498
-0.281839
-0.919024
0.901074
-0.816277
-1.10307
0.565368
-1.07465
-0.392666
0.634792
0.950912
-0.650634
0.156172
-1.23514
-1.2729
-0.0970905
-0.841491
0.924599
1.10129
0.305167
-1.26645
1.17962
1.29359
0.695436
-0.798526
1.02319
-1.2954
-1.17711
1.32764
0.911672
0.169475
0.880472
0.578167
1.13042
-0.597445
0.602195
-0.881579
-0.554558
-0.934244
-1.22863
-0.505354
-0.733572
-0.603216
-0.221475
1.44788
0.671892
1.03546
0.239699
0.71803
-0.842174
-1.07767
0.934654
-1.07347
1.31678
0.770746
1.40048
-1.17445
-1.34455
0.935489
-1.44586
0.970511
0.572112
0.510247
1.08118
1.22238
-0.772865
-1.08248
-1.03776
-1.16139
0.710149
-1.04244
0.510566
-1.38706
0.475695
0.755153
1.44577
-1.44395
-1.02864
-1.03025
0.96539
0.822437
1.28604
0.966529
0.78926
1.16729
1.49456
0.890401
1.25225
-1.06557
1.44256
-1.60849
0.995397
1.08928
-0.908474
-0.848976
-0.931899
-0.273726
1.4729
-1.27119
-1.00302
-1.15404
-1.52536
-0.73196
0.69224
1.51363
0.745111
-0.666952
-0.462671
-1.19136
1.91582
0.705415
0.543481
-0.917288
-1.07782
1.07069
-1.00806
1.19153
0.845349
-0.389465
-0.816289
-0.979039
1.2555
0.835825
-1.58379
1.62859
-1.19546
1.36146
-0.983485
-0.69724
1.54302
0.907086
-0.497359
1.03178
0.786452
-0.565591
-1.01563
-1.36583
0.955998
-0.679745
1.05004
-0.584918
0.769254
-0.870662
-1.32778
1.35421
0.853094
-0.857745
1.24954
-0.917275
-0.938727
-0.938727
-1.6542
1.37706
-1.40224
-0.256724
0.647908
-1.1343
-1.16276
-1.34928
0.814396
1.0581
0.421107
-0.893348
-1.16592
-0.391165
-0.787288
-0.508051
-1.23983
0.862545
-1.20071
-0.995242
1.02107
1.40697
-0.45084
1.03082
1.10002
0.0772263
1.06804
0.994352
-0.0802895
1.21415
0.534687
0.994048
0.894515
1.23228
1.23228
0.632848
0.814001
0.929295
-0.610395
-1.64705
0.703375
0.895793
0.621317
0.594568
-1.82372
1.14107
-0.955954
1.21042
-0.757713
-0.984099
0.577829
-1.06835
-1.20903
-1.72363
-1.25165
-1.09518
1.2773
-1.17543
0.915031
-1.39813
-1.38262
0.959296
1.61939
-0.74753
1.46575
1.17988
1.35344
0.910197
0.607048
1.33417
0.440948
1.75105
0.354649
-1.54907
-0.878963
-1.44087
0.533237
-0.756872
1.30704
-1.09039
-0.259108
-0.573269
-1.29767
-1.05438
-0.746334
-0.927598
-0.957853
0.764649
1.13192
1.46287
-0.884797
1.13248
1.09039
1.32491
-1.08468
-1.13934
-0.958097
1.05307
-0.907396
-0.718035
-0.875903
-1.60165
-1.29726
0.837642
-1.01728
0.600295
-1.08005
-0.758602
0.402556
-0.993343
-0.993343
-0.858271
1.36714
0.158262
0.505371
-0.969644
-0.842042
-1.24498
-1.2375
-0.818709
-0.260552
0.499416
-0.711173
1.04621
1.32004
1.25791
0.810964
1.42511
0.726125
0.867565
1.30822
1.09
0.772357
1.68378
0.655744
1.15162
-0.749852
-1.27425
0.831975
-0.961227
-0.834895
-1.10389
1.05937
-0.517531
-1.06295
-0.960042
-1.50841
-1.14426
-1.04309
1.55297
0.423509
-1.1842
-1.35075
-0.790773
0.638932
1.10784
-0.879643
-1.23394
0.86617
0.823177
1.41935
-0.878104
1.51591
-1.4937
0.110426
1.41737
1.30291
-0.666471
0.907344
-0.742161
1.07579
-1.13507
0.706263
1.41749
0.715141
1.26962
-0.57514
1.50442
0.881315
-1.14794
1.18141
0.760383
0.713041
1.31818
1.53352
1.18366
-0.320772
1.71923
1.54105
0.59051
-1.43601
-1.10916
1.19852
-0.957321
-1.11344
1.03308
0.806581
-1.14597
-1.3777
0.949931
1.41192
-0.449234
-0.993814
1.18748
0.976043
0.773179
0.267033
-0.995047
1.3305
0.818666
1.10184
-1.70133
-0.973562
-1.59144
-1.31164
1.01062
-1.06465
1.76144
-1.24347
-0.946508
-1.17042
1.78656
-1.22094
1.27104
0.585985
1.12937
-0.950231
-1.21471
0.490387
0.56109
1.27558
-0.748991
1.07795
0.776315
1.14398
1.14398
-0.672888
-0.968241
-0.968241
0.440514
-1.41481
1.50861
-1.33384
-0.239346
1.09501
1.22006
-0.855999
1.72156
-0.473194
-0.913105
-1.11657
-1.20987
1.53823
-1.17613
-1.30967
-0.431398
0.442538
0.808457
0.964187
-1.00276
1.13615
1.13615
-0.752428
0.648332
-1.38419
-1.2413
-1.01656
0.556203
-0.683501
1.13786
-0.634869
1.41136
1.58229
1.27535
1.42815
2.00425
0.549984
-0.655464
-1.31302
1.02347
0.643231
0.815602
-1.09447
1.31241
1.80626
-0.820564
1.14073
-1.25594
-0.619606
1.13224
1.11801
-1.18082
-0.630369
0.758341
-1.24455
0.654035
-0.23819
1.61372
0.995789
1.09635
-0.768194
1.09161
0.50828
-1.15961
1.14577
1.24963
-0.981326
-1.58225
-0.708306
1.39282
-1.02624
1.00736
1.09997
-0.967968
0.960346
-0.0532314
-0.576623
-0.740503
0.873863
1.23467
1.54767
1.36075
-1.13243
-1.55939
1.13188
-0.53539
-0.75912
-0.0500206
-1.26367
-1.33194
-0.68945
1.09901
-0.750833
1.26838
1.32193
-0.914871
0.791265
-0.853049
1.07796
1.08087
0.963343
1.18086
0.559417
-1.25513
1.42791
1.70231
-0.558567
0.637819
-0.560251
-1.03392
0.639618
1.50935
-1.24264
-1.24264
-1.11175
1.5157
1.04318
1.24917
0.478214
-0.297957
1.16393
1.34497
1.8167
0.917678
0.692963
-0.551336
0.975186
0.975186
-0.328687
0.959919
0.158507
-1.43443
1.07664
1.09983
1.69863
-1.35414
-0.869901
1.32931
1.73384
-1.2126
1.07954
-1.22543
-0.903111
-1.21738
-0.730133
1.7474
-1.33863
-0.812621
0.797183
1.26662
0.944626
1.10513
-0.7142
1.31744
1.58764
-1.10889
1.55558
-1.15452
-0.297817
-1.34314
-1.08181
1.46877
-0.616565
1.3024
0.910814
-1.55589
1.17396
1.01902
-0.926077
0.781155
-1.36514
-1.35045
0.717866
-1.06954
0.93565
-0.832811
-0.733705
-1.46511
0.750911
-1.4832
-0.627621
-0.894483
1.28051
-0.666503
1.28503
1.59584
-1.04105
-0.514529
0.887428
-0.786522
-0.518054
-0.890746
-1.49003
-0.98426
1.03221
1.22927
1.22927
1.03763
-1.00347
-1.00347
-1.55084
-0.418194
-0.911046
-0.957758
0.965208
-1.27804
1.07711
1.31846
1.02692
0.900972
0.872907
1.84913
0.887311
0.887311
1.29607
0.45284
-0.863963
1.54833
0.846023
-0.717323
0.927378
1.20508
-0.988736
-0.895779
-1.02015
-1.27471
-0.885938
-0.885938
-1.29325
0.869032
0.391131
-1.07629
-0.965244
1.16091
0.770168
0.927339
-1.13606
-0.749646
0.892817
1.09778
0.929556
-0.305357
1.07089
1.31243
1.14229
-1.36001
1.13569
1.05969
1.31375
1.18864
-0.974727
-0.859548
-0.195474
0.0202007
-1.3061
1.09115
-0.567409
-1.00211
1.00079
0.660595
0.556138
0.791153
1.20098
-1.42251
1.63427
-0.390237
0.92714
0.849092
1.43983
1.15963
0.477013
0.541312
1.54625
0.735836
-0.631883
0.353359
-1.62657
-0.226895
0.713693
0.678424
0.578235
-0.912463
0.754357
0.91409
-0.899964
-0.737435
0.613287
-0.258732
0.941556
-1.1418
-1.74512
-1.03682
0.917849
-1.05396
0.447308
1.15849
0.602378
-0.982406
0.995067
-0.276339
1.02933
-0.442585
0.915223
-0.979013
1.31315
1.33699
0.746154
0.690788
-1.16649
-1.00885
0.577018
-0.745393
-0.312648
-0.388038
-0.701835
-1.13117
1.30897
0.164815
-1.28934
-1.6355
0.639777
-1.50912
-0.236953
0.381532
-0.491294
1.68495
1.34066
0.973612
1.47087
0.811615
0.757345
-1.42447
0.908101
1.01942
-1.05792
0.981926
1.26821
-0.758029
-1.14929
-1.03508
1.68289
0.858082
-1.3364
-1.13863
0.0269261
-1.04579
0.620094
0.973257
0.541209
-0.507269
1.21107
-1.32903
-1.05221
-0.66467
-0.923507
-1.02439
-1.23881
-1.90338
-0.485184
1.69689
-0.707771
1.02159
0.606003
-0.562104
-0.97741
1.42107
-1.0989
1.51718
-1.12217
-1.02188
-0.697507
-0.193737
1.47445
0.664566
0.802441
-1.17251
0.737279
-1.55124
-1.26706
0.637279
0.939847
-1.17183
0.402813
1.55055
0.10953
1.56067
-0.791356
-0.486972
1.19063
-0.987508
-0.743409
0.0839831
1.1418
-0.370985
-1.15452
1.03218
-0.916066
0.566408
-0.0763342
-1.66695
0.954102
-1.15344
1.09858
-0.974016
-1.1878
1.07608
1.07608
0.609587
-1.55038
-0.889176
-0.896063
0.823424
-0.83001
1.32291
1.23162
0.824884
-1.65231
-1.34412
1.05999
0.897949
-0.901924
-1.2226
-0.660824
-1.53241
0.68049
0.224298
0.857575
-0.827271
0.91874
0.0242402
-1.17464
1.35977
1.57326
1.08282
1.36625
0.818026
-0.480911
0.513735
1.3317
-0.0539838
-1.01989
1.20891
0.623413
0.354821
0.604647
1.02266
1.38125
1.00061
1.3325
0.958256
0.735067
0.543994
-0.159643
-1.5973
-0.861047
-0.81212
-1.22128
1.36582
-1.04976
-1.14009
-0.823168
1.4825
0.591617
0.842072
1.26838
-0.677683
-0.342841
1.02828
-1.19386
-1.5857
0.608366
1.00089
-0.929259
-0.755325
0.818876
1.1293
-1.51711
-0.192594
-0.137824
1.26624
-1.00746
-0.656364
-0.574362
-1.12009
1.13678
1.06025
1.35489
0.582556
-1.34645
0.619557
0.858748
0.650781
-1.18743
-1.53115
-0.953443
0.830564
0.904519
1.26919
1.00824
1.14552
-1.15211
-0.787974
1.96587
0.433099
1.37224
0.458376
0.963611
1.6448
0.728804
1.50528
-1.11066
-1.45472
1.55682
1.02904
0.874327
1.51155
0.913634
-0.981905
0.621256
-1.00288
-0.930671
-0.930671
1.23702
0.775233
0.880444
1.39121
-0.341544
0.912089
-0.489909
1.56557
1.04321
-1.25245
0.940418
0.743223
1.05375
0.865848
0.622599
-1.76703
-0.722135
1.32615
1.143
-1.52876
-1.14222
1.1872
0.831005
-0.682987
-0.89554
1.49912
-1.14349
1.09202
1.09387
1.24347
-1.31923
-1.0206
-0.560497
-0.586828
-0.632698
1.28029
0.825396
-1.0945
-1.61707
-1.33231
1.15906
-0.828635
1.04211
0.913736
0.62086
1.12319
-1.59007
0.733904
0.324997
1.35818
-0.897811
0.889828
-1.38102
-1.27433
1.4239
-0.760731
1.88102
0.773629
-1.33104
1.21826
1.32462
1.41204
-0.498815
-1.1627
-0.401933
0.876517
1.30011
0.794249
-1.13586
-1.14496
1.00712
-1.34014
1.25345
-1.6588
-0.920062
-0.380101
0.522483
-1.23457
-1.68993
-0.880412
-1.17194
0.514382
0.7775
-0.494195
0.62913
-0.765017
-0.420365
-0.616624
-0.504673
1.13611
-0.173623
0.91919
-0.67647
-1.04233
-1.39411
1.56678
1.38071
1.68385
-1.21706
0.286296
0.822569
-1.18352
-0.882929
-0.923828
-0.505654
-0.948215
0.898554
-1.1645
-1.29184
0.696338
-0.508873
-1.1337
-1.57001
0.91297
1.3536
0.416524
0.570015
0.506523
-1.45045
1.09445
-1.21249
0.298102
-1.80822
1.01962
-0.950792
-0.968065
1.3615
0.199274
0.532399
-0.573382
-1.383
0.459506
1.58093
-1.45465
0.849481
-0.486934
-0.435172
1.46464
0.738448
-1.38011
1.1236
-0.625175
1.14618
-1.50446
1.17328
2.05673
0.563436
-0.97823
1.17628
-1.13108
-0.242199
-1.09945
-1.1439
-1.00639
-0.577648
-1.00317
-1.00317
0.638471
0.52406
0.993242
-1.03602
-1.12819
0.607413
-1.39932
-1.42989
0.516995
1.19181
0.793956
0.793956
1.13867
0.917438
1.35912
-0.83112
1.06479
-0.852381
1.25658
-0.697403
1.25587
0.666033
0.732848
0.399456
-0.923558
0.684732
-0.700799
-1.00781
-0.638599
0.232219
1.53612
1.09378
1.47359
-0.951872
-1.33125
-0.647863
-0.316336
-0.950338
-1.53325
-0.52189
0.41937
1.25822
-0.523056
-1.02671
0.674598
-1.42539
0.354522
-1.16022
-0.94534
-0.728206
-1.4741
1.36134
1.03348
0.777033
2.07819
1.06841
-1.25469
1.53167
-1.26779
0.857505
1.06558
-0.961944
0.510272
-1.37328
-0.783696
-0.968701
-1.09572
0.428508
0.968407
0.784321
0.601197
1.57738
0.925456
-0.0151671
-0.523191
1.17685
0.710432
-0.764188
0.607639
-1.4447
-0.526468
-0.918698
0.605351
-0.401593
-1.33262
1.16484
0.593316
0.633879
0.747213
-0.69499
-1.45402
-1.49271
-0.500947
1.09747
-0.203372
0.554552
1.00601
-1.42827
-1.41289
1.51073
-0.522457
-0.878126
-0.908034
-0.731533
-0.743641
-0.580113
1.15513
-1.50463
-1.13355
-0.658507
0.775098
-1.27519
-1.06546
1.1093
1.46523
-1.31998
0.759045
-1.00173
-1.25947
-1.03703
-0.805057
1.11838
0.686888
-0.646605
-0.797144
0.896325
-0.922045
1.18224
-1.63655
1.05936
1.17485
0.828287
0.799154
0.579508
0.606091
-1.1881
1.54274
-0.743737
-0.928184
0.225563
-0.630642
-0.926634
0.516408
-0.858343
1.15679
0.951009
-0.683133
0.944975
1.05056
0.661486
1.20555
1.51673
-1.16735
1.08208
1.14059
0.874762
0.767551
0.873217
-0.628923
1.39397
-1.42838
1.23876
1.22887
1.40512
0.920826
0.913833
1.14692
1.36571
1.327
1.2479
1.02005
-1.08869
-0.864244
-0.363088
-1.61676
1.06548
0.932466
-0.459716
-0.439564
-1.25916
-1.20999
1.42452
-1.14907
1.6556
-0.608921
-0.60629
0.882085
-1.15683
-0.793277
-0.911225
0.792574
-1.24178
0.97794
-1.53504
-1.1503
0.689087
1.05821
-1.60055
-1.11063
1.4032
-0.614732
-1.09924
1.5405
-1.75219
-1.31979
-0.790973
0.559566
-0.394398
-1.01149
-0.9645
-1.16466
-1.3119
-1.35183
-0.689067
1.06203
-0.819744
1.42138
1.12595
1.28851
1.15381
1.19613
-1.01773
-0.341421
0.811803
1.06789
-1.0418
-0.521851
-0.890009
0.699935
-1.16372
-1.16372
0.846966
-0.794772
0.315537
1.06209
0.52726
-2.08433
-1.00733
-0.167469
1.37608
-1.38533
0.573768
-0.560254
-1.28957
-1.15678
-0.769881
1.34992
-0.514399
0.779956
-1.19127
-0.597259
1.04978
1.02441
1.10075
-1.1139
-0.810911
0.989562
1.01167
-1.22993
0.789346
-1.30823
1.29402
1.14394
0.0299879
0.263128
-1.38027
1.34653
-1.57629
-1.01923
-1.06108
-1.09906
-0.672411
0.414763
-0.78989
0.73815
1.58585
-0.438907
1.30356
0.997304
1.40857
0.800569
1.01348
-1.32517
-0.72282
-0.631452
1.32474
0.646557
-1.20585
-0.929643
0.918392
-0.703327
0.953754
1.29007
-0.828163
0.989094
1.0224
0.954291
1.14803
0.157179
-1.665
1.22306
0.747913
0.698659
-0.752966
1.43375
-0.389096
-0.65968
-1.68628
0.837639
0.923952
-1.52455
1.30779
1.52827
-1.1115
-1.30547
1.03423
0.868064
-0.852873
1.11209
-1.03157
1.29584
-0.80619
1.25124
-1.01499
1.18539
-0.895058
-0.851536
0.595334
-1.11677
1.24067
-0.647452
-0.796969
-1.75944
-0.859346
1.1
1.04146
-0.47344
-0.724064
-0.99034
0.807977
1.46206
0.76385
1.31788
-1.07969
-0.374112
-1.43652
0.797994
-1.56928
-0.888524
-1.23054
1.07072
0.864198
1.70276
-0.8047
-1.57813
0.577981
-1.0643
1.45357
0.987607
0.987607
-1.46103
1.27851
0.774721
-0.694283
1.71343
-0.438843
-0.821817
1.20018
-1.15868
1.19071
-0.819899
1.1696
0.719862
-0.903752
-0.204078
-0.450538
0.949388
0.913305
-0.802224
-1.05441
0.54129
0.38906
0.79816
1.2683
-0.931851
1.14055
1.14055
-0.818103
0.439866
1.15555
1.15027
1.63349
-1.2219
1.03371
-1.25602
-1.13836
0.802793
1.73416
1.0919
0.763338
-1.4564
-0.913618
0.613484
-1.32401
-1.33799
-0.858873
0.634634
0.897602
-0.781984
0.178642
0.676632
-0.947846
1.23678
-0.93752
-1.35766
0.687678
1.362
-1.14889
-1.43232
-0.934178
-1.59934
1.65734
-1.06899
-0.689863
1.31564
-0.757998
-0.620823
-0.416964
-1.04773
1.23743
-1.13664
-0.233189
0.532956
-0.902637
-0.862133
1.04023
1.0417
1.0417
0.907418
-0.562098
-1.42039
1.20673
-1.0758
-1.10521
-1.51133
1.09119
1.6626
-0.999165
-0.818166
0.443363
-1.17288
-0.829891
-1.6359
-0.569392
-1.03266
1.12561
-0.989394
0.497522
-0.817257
-1.42103
0.814998
0.507436
1.09821
0.861175
-0.212795
0.555089
1.30659
-0.796571
-1.77513
0.938976
-1.31262
1.38779
0.963689
-1.22409
-0.695712
0.929276
1.12211
1.33117
1.29086
0.915152
0.55279
-1.33987
1.05522
-1.03448
1.39074
-0.949762
0.969109
1.19452
1.56871
0.564297
0.639375
0.39659
0.402543
1.32633
-1.02993
-1.02993
-0.80107
-0.831906
1.95793
0.728819
-1.2022
0.85234
1.57889
-1.54228
1.27753
0.939315
-1.18025
0.338829
1.39033
0.537575
-0.919098
-1.26215
-1.25127
-1.10897
-1.21473
-1.32183
-0.990673
-1.14832
1.23366
1.14337
1.7912
-1.41171
-0.90976
-0.90976
1.14825
-0.586235
-0.649477
0.9163
-1.07203
-0.721139
-0.616173
0.653175
-1.10294
1.54803
0.583388
-0.660815
0.652094
-1.02739
-0.743135
-0.754931
-0.0811505
0.750757
1.12142
0.347318
-1.3111
1.27785
-1.31508
-0.479683
0.98329
1.19845
1.18048
1.3264
0.970161
0.550401
-1.18219
0.86583
-0.999404
1.34996
0.587512
-1.22122
1.02632
-1.25783
-0.669063
1.26899
0.736746
-0.969172
-0.969172
-1.28293
-0.70375
0.999915
-1.38052
-0.099052
0.935416
-1.18122
1.46081
1.22225
-0.616642
0.960955
1.26961
0.606572
-0.564668
0.908011
0.547387
-0.699387
0.594429
1.7458
1.44412
-0.945919
-1.48366
-0.978769
-1.75732
-0.942633
-0.869784
1.35003
-0.923052
1.04648
-0.610648
-1.10589
-0.10986
1.02279
0.771407
0.903247
1.006
1.25442
1.16419
0.670683
0.718561
1.53572
1.11558
0.822729
0.911647
-0.597672
-0.731625
1.05813
-1.06595
-0.0963654
0.615723
-1.23355
-0.906269
0.948442
-0.787508
-1.1641
1.0158
-1.33503
-1.33503
-0.879056
0.913527
0.786472
1.35687
-0.464183
1.03512
1.14313
-0.830913
-0.780109
-0.304122
1.19885
-0.896657
0.723846
-0.942094
-0.467589
-0.804009
-1.23171
0.737691
0.660593
-0.858442
1.29008
-0.795018
-1.25121
-1.71594
-0.374338
-0.489767
-1.32115
-1.2235
0.97907
-1.16473
0.834167
-1.39352
0.585093
-1.39319
-1.36578
1.39094
0.995775
-1.02552
-0.898613
1.37161
-1.56925
1.29277
1.02256
0.848406
0.95328
0.976495
-1.13655
-0.802754
-0.462184
-1.29225
-0.777721
0.631193
0.897142
1.34184
1.22032
-0.510333
-0.615141
-1.1184
0.614746
-0.180407
1.8837
0.76339
0.75313
-1.26647
0.920707
-1.33372
-1.16399
-1.37432
-1.25845
1.07615
0.42328
1.304
-1.11056
0.80993
-1.58275
1.19962
-0.532867
-0.845962
-1.39571
-0.47597
-1.14329
0.925007
-1.48684
0.830215
0.913524
0.772813
-0.807471
-0.449972
-1.38414
1.10347
-1.1968
0.931263
1.18766
0.747437
1.02148
0.73104
-1.11806
-0.48402
-1.05646
-1.24654
-0.966312
1.15364
1.26707
-0.725926
-1.01353
0.654415
0.872811
-1.41508
-0.839696
-0.941422
-1.20844
0.940339
0.367812
1.11026
0.526915
-1.5366
0.923823
0.760738
0.950258
-1.31102
0.335825
0.921057
-0.935359
-1.60621
1.23688
0.649473
-1.02554
-1.34584
0.518456
-0.806813
-1.42665
1.71428
0.459663
0.253016
1.14141
0.770515
1.12504
1.10053
1.35894
1.29226
0.787389
-0.324677
1.0297
0.683065
1.30569
1.46257
0.799117
0.501005
0.949386
-1.06143
1.11405
1.11405
1.55382
-1.2713
0.778644
-0.917527
-1.1458
-1.30182
-0.984647
-1.24949
1.65113
-0.913506
-1.15776
1.00381
1.00499
1.12114
-0.687474
-1.91613
0.956739
0.690004
-0.637195
-1.36584
0.981175
-0.477539
1.1293
-1.46947
-0.571999
1.0456
-1.0483
-0.758638
0.72989
-0.666475
-0.69196
1.17424
1.35898
0.70995
-1.19132
-1.00103
0.717017
0.652854
0.986315
-0.83684
1.19291
-1.50861
-1.12392
0.987636
1.00137
-1.05619
-0.633549
-1.24007
1.03369
-0.748492
-0.885466
1.35884
-1.0665
-0.104624
-1.11329
-0.693466
-1.0448
-1.0448
-0.709878
-0.856565
0.570501
-1.15442
-1.0437
1.01804
0.969531
-0.571743
0.531244
0.950631
-0.841997
-1.12037
-0.789012
0.637717
-1.19988
-1.70538
0.833404
1.60706
-1.80518
1.68146
0.126268
1.14491
1.29139
1.07383
1.07383
0.27307
-1.1227
-1.26621
-1.26621
1.10484
1.26739
1.26739
-0.801059
0.880289
1.69185
1.48895
-1.03074
-1.03074
-1.24871
1.16058
0.759134
0.787119
-1.0369
-1.34467
1.06656
1.47971
1.2592
-0.743459
-0.0106907
0.751424
0.83906
-1.20104
-1.02683
-0.905955
1.43095
-0.0753885
0.573472
1.08657
-0.98794
1.17434
-1.33463
-1.09945
-1.15982
0.986947
0.344586
0.852514
-1.0047
1.09208
0.915863
0.942167
-0.6231
1.22149
1.26333
0.852786
-0.643011
-0.748503
0.602729
0.718787
1.34133
0.839664
0.540829
-1.2978
-1.64687
-1.15671
-0.576323
-1.67314
0.646032
0.807197
-0.78629
1.32048
1.4557
-1.1154
1.06975
1.53334
-1.53517
-0.790712
-0.473165
-0.141945
1.40626
-1.5236
0.93738
-0.881597
-0.396793
-0.694686
0.610272
-0.898137
-1.4023
-0.776668
-1.14349
-0.880424
0.607812
-1.07819
1.44363
0.433782
-1.77381
1.05672
-0.79636
-0.688455
1.0382
0.53684
1.22889
-0.884108
1.38035
1.22417
0.581982
0.833653
-0.563208
0.928502
-0.249397
-0.861467
-0.425526
-1.03084
-0.59087
-1.20904
1.34171
-0.951024
0.85347
-0.944632
0.97594
0.863382
-1.50339
1.31683
1.17703
1.06183
0.998391
-0.527186
-1.00517
-0.235277
0.951952
-1.41484
-1.18018
-0.773803
-1.53303
-0.52842
0.281467
-0.709008
0.520717
0.548367
0.770709
-1.74747
1.441
-1.04192
-1.22564
1.3589
1.13488
0.834573
1.60091
-1.23577
1.34653
0.759853
-0.76877
-1.39909
0.996269
-0.71395
-1.34208
1.15158
-0.819954
0.977784
1.80335
0.874139
-0.931653
1.35775
-1.03733
-1.1201
-1.1201
1.10958
-0.510942
-1.41323
0.580558
0.05675
-1.57846
-0.702657
-0.656526
1.21426
0.686151
0.502622
1.17997
1.33697
-1.31297
-1.20889
-0.782253
-1.10442
0.54732
0.176429
0.44073
0.795275
-0.778403
-0.970331
0.783794
-0.434347
0.961984
1.1379
-0.881371
0.7062
-0.771967
0.914758
-1.20201
-1.06086
-0.892123
-0.951753
-1.51846
-1.25528
-0.898515
-0.898515
1.27384
1.31863
0.954674
0.922513
-0.354286
0.914474
-1.04498
1.49099
-1.20537
0.815408
-1.14842
-0.839537
0.625755
1.10156
0.447399
0.641274
-1.20144
0.764331
-1.50249
1.2166
-1.04853
0.453673
-0.480613
-0.876817
-1.47019
-1.62968
-0.876056
-1.14852
1.13727
0.988522
1.23421
0.736101
1.01446
1.24896
-1.38196
-1.34578
0.73243
1.16123
1.13323
0.48951
0.817725
-1.40219
0.846603
1.15294
0.757597
-1.51501
0.656239
-1.04265
0.382544
-0.958604
-0.761463
0.896852
-0.0997095
-1.13684
-1.41129
-1.28527
0.795611
1.39539
1.17424
1.15927
1.23323
-1.09507
-1.66352
-1.56705
-1.54057
-0.902715
1.01166
-0.75719
-1.38991
-0.864521
-0.784201
0.984844
0.853166
0.707868
0.772562
1.47521
-0.916795
1.32871
1.00866
-1.39665
1.20326
2.01525
0.49802
-1.09376
0.717645
-0.634118
0.718885
-0.68575
0.755663
0.894124
1.20809
-0.870449
0.7417
0.736375
-0.491162
1.2258
0.812179
-0.886719
1.09175
0.71136
-1.33312
0.775426
0.579462
0.698559
-1.17741
0.701493
-1.09447
0.613367
0.72043
-0.918858
0.864448
-1.15509
1.10257
0.862336
1.40036
0.725841
0.917539
-1.19386
1.03459
-1.17135
1.18664
-1.28706
1.82644
0.83415
1.87692
-1.15317
0.740635
0.891074
-1.19133
-1.14095
1.09347
-1.27244
0.479824
-0.690224
-1.26832
-0.961269
1.10728
1.00791
1.37794
0.949989
1.48648
1.49413
-0.675088
0.846443
-1.00798
0.75734
-1.56722
0.819081
0.74876
1.40295
-0.0586581
-1.21258
1.30876
1.21463
1.49799
-0.811044
-0.611321
1.58351
1.14154
-0.749171
-0.691536
-1.27586
0.62354
-1.2065
0.825769
0.786219
-1.3921
-1.39311
1.39428
-0.683386
-1.43132
-1.10209
-0.579366
1.05244
1.22633
-0.731122
-0.718724
-0.885775
-0.733825
-1.58209
-0.694405
-0.370351
-0.948587
1.06406
-1.08827
-0.894758
-0.779528
-0.6713
-0.887897
-0.674016
-1.09509
1.26964
-1.65346
1.26606
-0.960433
1.79585
-0.534052
-1.48095
-1.10846
1.35521
1.12378
1.21556
-0.496138
-0.6958
0.256003
-0.691937
-1.42259
0.765232
1.4246
-1.26816
-0.843428
1.50712
1.6197
1.80442
-0.768538
0.693104
-0.923039
-0.69417
0.659118
-0.537461
-1.27286
0.55491
-0.818215
-0.914455
0.564482
-0.685397
0.495994
1.19925
1.60495
-0.715592
1.17131
-1.3498
-0.927312
1.10714
-0.78278
-0.380653
1.15194
0.955337
0.91489
0.84174
-0.79553
-0.883241
1.25758
0.349654
-0.440734
-1.2467
-1.06225
1.05632
1.04116
0.911092
-0.724164
-2.02156
-0.513918
-0.814104
-0.72992
-1.08866
-0.977988
-1.20597
-1.02749
0.921108
-1.20881
0.472287
-1.14415
-0.160891
0.998643
-0.691151
1.26993
-1.49318
0.89402
0.883218
-1.90703
1.02287
0.951789
-0.303108
-0.722432
-1.11351
-1.20125
0.852109
-1.40508
-0.81197
-0.79278
-1.29049
0.908401
0.555338
-1.30342
1.00043
1.49662
1.28226
-1.03086
1.27651
-0.273778
0.444795
0.964348
-1.2318
0.913687
-0.99177
1.45977
0.86208
0.0753869
-2.11202
-0.955398
0.88133
-0.997855
0.779112
-1.20646
1.28177
1.21992
-1.091
-0.973638
-0.532027
-1.22804
0.872766
-1.27393
1.2806
-0.967407
-0.783251
-1.09295
1.22862
-0.932888
1.28502
1.28865
-0.869994
1.45976
-1.44784
-0.822245
0.965725
-1.20601
1.24726
-0.335273
-0.866445
1.00148
0.86949
0.978509
-1.14388
-0.836627
0.435313
-0.844947
-1.54505
-1.13969
-0.958598
0.462775
-0.340003
0.65294
-0.715435
0.808991
-0.513668
-0.527901
-1.32118
-0.672525
0.938914
0.906393
0.778373
0.94212
-0.999395
1.46774
-0.502833
-0.67332
1.38507
-1.7416
1.2151
1.34027
1.3913
0.419249
1.21528
0.890427
1.13565
-1.02606
-1.03411
1.29076
-1.31841
-1.2961
1.43547
-0.822138
-1.06796
-0.868057
1.42672
-0.886787
1.04887
0.745303
-1.33399
0.0902489
1.0417
-0.642536
-0.953932
-1.1546
-0.80392
0.976067
0.965355
0.580284
0.144778
1.35594
1.44028
-1.76194
-1.02617
0.57936
-1.13703
1.2189
-0.136512
0.90382
-1.52192
-1.05712
0.936205
0.590506
1.07151
-1.23543
-0.781254
-0.322441
-0.640367
0.710681
-0.521365
-0.761018
-1.20277
-0.676505
1.05867
0.952095
1.28961
0.340558
1.0084
1.0084
-0.571468
-1.01657
-0.788553
1.66233
-1.06363
1.40447
1.03013
-0.742733
0.569422
0.940502
0.940502
-0.744896
0.248517
0.541515
1.04902
-1.10507
0.439475
-1.34874
1.30096
-0.888056
1.27982
1.50662
0.94471
0.933
-1.06367
0.796243
-0.913185
-0.653907
-1.66261
-0.726536
-1.2234
-0.369327
1.08761
-1.19535
1.13805
0.834195
-0.617692
-1.26517
0.630317
1.10623
1.79725
-1.10679
-0.311223
1.4749
1.03637
0.998397
1.12044
-1.13981
-1.27655
-0.898399
-0.72227
1.08526
-1.10119
-1.26753
1.64636
-1.37875
1.21794
-1.97088
-0.88036
-1.15687
-1.31437
0.993173
0.0471152
1.01463
-1.10215
1.41095
-0.850868
1.0815
1.19651
0.912485
1.38105
1.00437
-0.736694
0.95733
-0.778984
1.18183
-1.08077
-0.926105
-1.29158
-0.938356
1.02603
0.368968
-0.900643
1.01454
-1.09091
-1.58171
-1.50694
1.35064
1.04797
1.43763
-1.01622
-0.691466
0.426981
0.72799
-0.828173
1.02357
-1.08285
-1.05326
-1.11508
-1.29605
-0.860582
1.44881
0.754153
1.05458
0.721653
0.483133
-0.648399
-0.404274
0.667923
-1.21441
-0.716324
0.403392
-0.972455
1.09271
-1.21974
-0.666562
1.28614
0.294345
-1.01788
0.881097
0.153223
0.773089
-0.644658
0.983125
1.12799
-1.00982
1.0173
1.37338
-1.12784
0.848743
0.85205
-0.788248
1.29136
-1.49589
-1.76792
-0.9017
-1.258
0.968681
-1.00368
-1.24909
-0.657361
-1.23599
1.64173
0.626159
1.30142
-1.36546
-0.456448
1.09506
-0.209485
-1.36524
1.19933
-0.712412
1.39512
-0.602836
-0.92271
0.486523
-1.10892
1.23523
-0.753126
-0.784105
-1.49618
1.05817
-1.0266
-1.33097
1.30347
0.732128
0.305861
0.0619081
0.458131
1.07685
0.955588
0.517903
0.41623
0.839785
-1.01116
1.33377
1.09645
-0.99404
-1.31765
0.633406
0.658215
0.644485
0.280967
1.49462
-1.166
0.523911
1.13608
-1.17714
-1.02548
0.977047
1.02943
1.11887
0.524628
-1.73986
1.43439
-0.665145
0.594146
1.04054
0.79119
-1.40501
0.629999
0.790887
-0.805123
0.90945
-0.654432
1.13499
-1.07489
0.877067
1.06236
1.06236
0.931909
-1.0812
-0.678834
-0.678834
0.854731
0.408258
-0.92322
-1.50607
-0.941475
-0.890169
-1.16806
-0.868937
0.856174
0.817295
-1.38695
-1.38355
1.25162
-1.02986
-0.849506
1.261
-1.30551
0.90559
-1.28509
-0.606036
-0.558836
0.544872
-1.24711
0.827738
-1.3405
0.939524
1.07997
-1.53245
0.585557
0.946895
1.31687
0.905954
-1.00607
1.20173
-1.07502
0.752906
0.987314
-1.13744
0.891679
-0.824421
1.01757
-0.829375
-0.408949
0.945473
-0.74635
0.473937
1.43206
1.11465
0.984068
0.984068
-0.552276
-1.18686
0.980412
0.980412
-0.8514
-1.16549
1.16256
-0.8468
0.929147
1.16469
-0.764887
0.4914
1.0105
-1.49766
-0.90201
-1.14291
-0.751507
-0.858328
0.56082
1.00615
1.05081
1.36067
1.43831
0.490265
0.894699
-1.10941
-0.967836
-0.883934
-1.02164
-1.47269
1.12153
0.849888
1.61092
-0.77547
-1.32162
-1.01095
-1.94684
0.0785673
-1.48219
-0.700312
-0.751446
0.162599
1.12523
-1.05234
-0.585492
1.13322
0.767429
1.06112
-1.43444
1.26512
1.10529
1.62781
-0.338855
-1.47107
-0.949575
-1.08613
1.32107
-1.20729
-0.797379
0.596145
-0.940562
0.858298
1.73942
-1.15913
0.823789
-1.99497
-0.863568
-0.823358
0.640195
-1.17509
1.05849
-0.897474
-1.2318
-0.159842
1.04592
1.04592
-1.12577
1.67657
-1.33317
-0.47147
0.720629
-0.941688
0.725359
-0.654207
1.20188
0.993665
1.0079
0.623871
1.40022
1.03825
-1.03281
0.936048
1.05872
0.971289
-0.730458
1.14604
-0.366702
1.75618
1.27929
0.720832
0.957035
-0.96646
-1.13507
0.493802
0.101981
0.893825
-0.494098
-0.667486
-1.30224
-1.09137
1.43903
0.674818
1.42209
0.649178
1.06132
0.844382
0.993746
0.988293
-1.02873
1.23082
-1.22794
-1.51018
0.952794
1.3173
0.778854
-1.19671
-1.16233
-1.60085
0.043475
0.958444
-0.622412
-1.29277
0.391319
-1.57574
-0.932899
-0.841426
-1.25645
-1.25645
-1.14426
-0.41
-1.34968
1.36453
-1.04323
1.90508
-0.666901
0.374978
0.973116
0.537929
1.18501
1.35324
-0.97355
-0.817199
-1.35211
-0.906707
-0.822737
-0.619409
-1.29581
0.933086
-0.956501
1.46507
-0.912871
0.184432
1.38374
0.418318
0.93602
-0.747234
-1.3894
-1.05179
1.01893
0.942506
-1.24439
-1.35095
-1.39282
-1.3658
-0.782018
-1.00736
-1.00736
-0.253145
0.86622
0.616015
-0.544464
-1.08038
-1.10799
0.0914239
1.04728
-1.33809
-0.957402
-0.525672
0.896985
-1.01981
-1.12405
1.25698
0.882156
-1.85938
-0.333574
0.974629
-0.940414
1.09454
1.29594
0.663316
1.0217
0.87245
-1.3272
1.03228
-1.64627
0.715556
-0.743213
-1.09214
-0.958957
-1.3348
-1.05131
-0.676056
-0.991686
1.07465
1.07465
-1.84794
-1.40766
-1.28979
-1.05578
0.6035
0.945184
1.22356
-0.723597
0.48898
1.01323
1.11221
0.570598
-1.63262
-1.01874
1.19691
-1.04286
-1.50678
-0.557144
0.98309
-0.839186
0.477666
-0.859435
-0.604217
-0.961265
-0.961265
-0.870014
-0.85759
-0.915088
-0.750398
-0.70976
0.619718
0.604306
-1.40858
-0.465437
-0.519586
0.947034
-0.68082
-0.998957
-0.832428
-1.31953
0.164258
0.402453
-0.689531
-0.744628
-1.5382
-0.831795
-1.23286
0.941478
-1.10681
0.775621
-0.991432
-0.9298
1.36147
0.873463
1.05405
0.0977733
-1.53798
1.29084
0.586426
1.37466
0.722715
0.570516
-1.00649
1.10744
1.02018
-1.34922
0.965129
-1.09342
0.833598
-1.51544
-0.831025
0.328758
-0.930173
-1.28212
-0.868559
-0.670792
-0.951506
-1.35401
-0.142244
1.74625
-1.16648
1.54462
1.24728
0.163099
-0.947723
-1.30286
1.27643
-0.709704
-0.781449
-1.29323
0.988673
1.01726
-1.26782
0.562525
-1.75639
1.4398
-0.83607
0.71043
-0.868969
0.336775
-1.06314
0.936716
1.43017
0.603106
-0.86237
-1.15508
0.479453
-1.21556
0.768204
-0.513409
-1.14043
-0.319865
-0.46226
-1.11175
-0.85175
1.5126
1.27714
1.45197
-1.41347
-1.19244
0.673392
-0.611688
1.23024
-1.02024
-1.02024
0.722403
0.946741
-1.10771
0.60311
1.0126
-0.707669
-0.914233
-0.780035
-0.618363
1.88378
-1.27904
1.33397
1.59517
-1.42655
-1.16328
-0.822083
1.00635
1.32919
1.03262
0.342398
-0.793562
-0.836749
-0.843139
-1.67085
0.237297
-0.850575
-1.06628
1.95903
0.333879
0.0681329
0.771707
1.02178
1.11834
-0.698087
-1.12587
1.22592
-0.911808
0.590289
1.32787
1.13254
-0.690745
0.539731
1.34607
-0.846242
-1.18395
-1.41515
-1.1496
-1.4333
-0.719611
0.827031
0.970554
2.03251
0.907404
1.20776
-0.756769
1.3597
-1.28982
1.13225
-1.28492
-1.32002
0.636219
1.59063
0.588009
1.16045
-1.2006
0.984996
-1.06016
1.10354
1.42741
1.17012
1.56731
0.865759
0.842091
0.842091
1.28693
0.840095
-1.39942
-1.66363
-1.67737
1.17635
1.29906
0.560295
1.34981
-0.818479
0.355226
1.01057
-0.887249
1.73366
1.57824
-0.895511
-1.09397
-1.22257
-0.705511
1.67466
-1.60752
1.25331
0.889318
-0.537673
0.603158
-1.24854
0.607153
-1.21804
-1.06065
-0.469291
-1.25035
1.00034
1.22333
-0.361823
1.23961
0.816091
-0.84528
0.847559
-1.0671
-1.14809
-0.834436
-1.5179
0.507539
0.712067
-1.01429
-1.52943
1.40681
-0.221756
-1.04636
-1.04636
-0.975751
1.24302
1.1301
0.543229
-0.729063
-0.675989
-1.06091
-1.51429
0.84104
0.0227763
-1.19988
-1.21448
1.12337
1.12337
-0.771744
-0.965245
-1.35625
0.244925
-0.703391
-1.68292
-0.469633
1.21067
0.94479
-1.19832
1.08096
-0.98628
-1.05841
-0.989796
1.33562
1.14816
-0.851737
-0.377023
-1.25489
-0.499935
-0.704105
1.38988
1.48199
-0.534885
-0.524832
-1.49536
-0.931681
0.897191
-1.16043
-1.13425
-1.13425
-1.06371
-1.17403
1.18501
-1.36051
0.630133
-0.631569
-1.07145
0.928068
-1.22099
0.897727
-0.951015
-1.02439
0.0564026
-0.389886
-1.71547
-0.967054
-1.3765
0.668943
-0.589869
-1.1623
-1.29553
-1.00206
-0.944841
0.502486
1.08574
-1.01638
-0.550027
-0.8713
1.36948
-0.772979
-1.27774
0.906571
-0.680619
1.327
-0.694708
-0.235968
-1.19487
0.890262
-0.661797
0.806817
0.982422
-1.10286
-1.62834
-1.12672
-1.3042
-1.18845
-1.41993
1.02814
1.01161
1.40979
1.03781
1.15295
0.811533
-1.37425
-0.59423
1.37848
0.87986
-0.674948
1.07495
1.09277
1.03821
-0.871448
-0.87829
-1.39874
-1.33858
1.84426
-1.15966
0.600864
0.931264
-0.299383
-0.221305
-1.57676
0.899638
1.1173
0.636039
-0.960761
-1.04402
-0.851427
1.0666
-1.599
1.16097
-0.857098
0.066237
-0.89143
1.30308
-1.58262
-0.478058
0.575854
-1.16278
1.40955
-1.15957
-0.767325
0.630987
0.988401
-1.31232
1.06093
-1.15
1.30244
1.28634
0.700276
-1.44656
-0.407578
0.748601
0.563416
1.08169
-0.984573
-1.00916
1.09563
-0.988736
-0.608665
-1.08583
0.809065
-1.84784
0.973024
-1.26654
1.05395
-1.47392
0.863255
1.08157
-1.09904
-0.939911
1.04347
-1.24328
1.08324
0.300954
0.542368
-1.35323
1.4498
-1.57619
-0.691038
-1.06354
-1.21647
1.18297
0.354912
-1.41478
-1.42361
0.807758
-1.6478
-0.410885
-1.03891
1.1985
-1.58093
0.0564422
1.08956
1.47466
-1.08315
-0.987984
1.85167
1.13778
-1.34184
-1.10942
-0.0819782
1.17027
0.697086
0.340017
-0.599267
1.14012
1.11852
0.308243
-0.843599
0.564798
1.51367
-1.23617
-1.28011
-0.520773
0.457568
0.765112
-0.786793
-0.628208
-1.19912
1.42379
1.42379
-1.44042
-0.918835
0.800216
1.36889
0.640718
0.813199
0.841948
1.01927
-1.29585
-0.654308
-1.13285
-1.07445
0.91142
-0.649567
1.63148
-0.439595
0.866397
-0.825938
0.404374
1.18851
-1.08046
1.27729
2.34123
1.47107
-0.801866
0.419789
-0.771229
1.09645
0.454956
0.473143
-1.49764
-0.47697
1.49743
0.977405
-0.275297
0.650432
-0.373641
-1.28878
-1.04144
1.1122
0.418364
0.435788
-0.837211
0.577419
-1.08098
0.86518
-1.32494
-1.35921
-1.14081
0.867396
-0.901131
-0.991159
0.978182
-1.02327
-1.12756
0.740781
-1.08404
0.829337
-0.519297
1.53484
1.26453
-0.871762
0.96744
0.880566
-1.02495
1.31931
-0.63159
-1.38929
1.06793
1.18914
-1.718
0.7316
1.32543
-0.767925
1.12818
0.705063
-1.27186
-1.74523
-0.699285
1.58996
0.417463
0.744852
0.818457
1.51351
-0.90145
0.892282
0.138392
0.880379
0.842119
0.832797
0.747145
0.320901
1.49822
-0.648719
-0.730192
0.35535
-1.00075
0.78448
-0.354407
1.01658
1.01658
0.712167
-1.15339
0.846858
0.780128
-1.36746
0.648065
1.33978
0.510159
0.930591
1.10571
-0.524968
-0.801283
-0.82059
-1.01158
1.2516
0.8422
1.52617
-1.48737
-1.38409
1.18322
-0.596699
1.16971
1.47307
-0.248517
-1.20782
-0.0787699
0.808145
-0.736264
1.49672
-0.882719
1.06341
-1.07066
0.878071
-1.35912
-0.673633
-0.662534
0.943839
-1.15186
-1.10139
0.806873
0.689736
1.19201
1.04786
1.24206
-1.45877
-0.970694
-1.0193
-1.11062
-1.21468
1.15835
1.25273
-1.43056
1.39259
0.906371
-1.36498
1.06442
0.55386
-1.08279
0.585166
-0.69627
1.57482
1.07788
0.613824
-1.25343
-1.46246
1.3767
-1.00958
-1.13932
1.28597
1.11633
-0.509591
0.71554
1.4885
-0.844749
-1.44961
-1.09476
-0.69341
-1.49747
-1.17289
0.529189
-1.1396
-1.12322
-1.21758
1.79725
-1.18541
-0.294675
1.67378
0.929705
1.0272
1.44375
0.932953
-0.720541
1.05565
-0.749339
-1.46239
1.24105
0.934131
-1.07183
0.577968
0.820935
-0.97955
1.00288
-0.604752
-1.46536
-1.91007
-0.803413
0.720568
-1.1809
1.84981
-0.795681
0.683791
0.926038
1.05408
-0.914073
1.33939
-0.864106
-1.47569
-1.17976
-1.26174
0.520524
-1.08714
1.95147
1.22615
-0.494319
-1.1703
-1.50761
-1.24526
-0.957126
1.38142
-1.07173
-1.05449
-1.10666
0.448795
-0.743655
-1.07079
-0.811912
-0.908258
-1.06598
1.16505
-0.778539
-0.789473
1.7919
0.252792
-0.980367
1.06556
-1.52154
-1.00875
-1.65071
0.568825
0.93633
-1.79198
-0.789715
0.816404
0.863416
1.23424
-0.836708
0.965346
0.965346
-0.625835
0.873733
-0.629558
-0.750451
-0.982228
1.63095
-0.691687
-0.890376
1.17523
-0.731347
-1.41788
1.18172
0.775506
0.880738
0.880738
-1.06141
0.959856
0.92123
0.606301
-1.59144
1.22207
0.173405
-1.03087
0.528813
-0.452295
0.84455
1.34209
-0.113289
-0.120758
0.984324
0.525113
-1.70357
-0.610574
0.50298
-1.08832
0.592319
-0.672741
1.21235
0.376687
0.880154
-1.05795
-1.7104
-0.90434
0.903928
1.12738
0.682155
1.37489
-0.648404
1.14424
0.69262
-0.801861
0.774889
0.922598
1.18966
-0.999478
-0.907349
0.74019
-1.14022
0.606333
0.798122
-0.498403
0.442841
-0.647312
-1.0194
1.39896
-1.38956
-1.30779
0.820705
0.820705
1.2588
-1.44255
1.33354
0.892807
-0.354953
-0.668759
1.25034
0.511366
-1.2009
-0.786122
0.943845
-0.628892
-1.19915
-0.792799
-1.10479
-0.994602
0.950928
1.03141
-1.10357
1.1835
0.583199
0.757193
-1.41723
-1.23567
-1.71449
1.01163
-0.903819
-1.04978
-1.04978
0.477006
-0.837615
1.39669
-1.35924
1.24587
-0.718529
1.02762
1.19177
0.885851
1.30002
-1.00457
1.11125
-0.62951
-0.926499
1.07465
-0.982341
0.466348
-0.747919
1.02553
1.14245
-0.536508
-0.853922
0.837932
0.940232
-1.0993
0.965051
-0.127503
-1.18205
-0.942282
1.58606
-0.641357
-1.20845
-1.64875
1.45036
-0.0133428
-0.746742
0.754055
0.759516
0.743227
-1.21596
1.44771
-0.626836
-0.877457
-1.05839
-1.01747
-1.35146
1.24089
-0.992093
0.0524352
-0.538929
-0.739573
-1.40907
-1.26453
0.792243
-1.49601
0.56805
-0.871128
-0.880856
-0.551387
-1.22873
-0.738599
0.749143
0.573908
0.573908
0.594382
0.930476
0.952153
0.0978433
-0.144459
-0.646125
-1.20246
0.966581
1.23856
1.23856
-0.730337
1.14029
1.13457
0.903453
0.995093
0.819421
-1.2042
0.685261
0.994476
1.05793
1.37283
-0.646294
-0.477839
-0.885025
-0.0478196
-0.109623
0.762055
0.878878
-0.333871
-1.208
-1.17188
-0.0866624
0.575592
0.886269
1.30536
0.591862
-0.0963399
-1.05179
1.07079
1.14127
-0.807096
1.1525
1.17903
0.9169
0.881554
1.15215
0.665253
0.0486649
1.09468
-1.05934
0.515727
1.36599
-1.10955
-1.38201
-1.17804
-0.987658
0.734171
-0.672017
-1.22486
-0.809412
0.911792
-0.673908
1.14155
1.05407
-0.617737
-1.16515
-0.98587
-1.45661
1.7393
0.993607
-0.480444
0.840319
1.27598
-0.665597
1.19223
0.209721
0.762303
-0.878083
1.16236
0.983264
-1.46477
0.869136
-1.11178
1.46953
-1.18526
-1.50164
-1.12367
-0.596708
-0.270387
1.14686
1.76616
-1.00602
-1.07016
-0.639045
-0.993458
0.417982
0.975157
0.588148
1.36432
1.49055
-0.824376
0.905697
1.13215
0.655586
0.9156
-0.671874
-1.10096
0.987273
1.20617
1.66722
1.37495
-1.33672
0.986752
-1.47282
1.44665
-1.04077
-0.947094
1.45121
-0.526545
1.60645
-1.00661
2.04662
-0.491103
0.464977
1.18393
1.20927
1.07572
0.26064
-0.797892
-1.21081
-1.60837
0.895567
-0.539081
0.769319
1.01813
-1.20338
-0.715596
1.12665
0.775327
1.18248
-0.571783
0.905541
-1.40111
-1.30971
-0.583782
1.3024
1.02637
-1.37849
0.962666
0.555795
0.560138
0.864791
-0.789305
1.43168
-1.24294
0.920474
1.16572
0.869232
-1.0323
0.891624
0.523883
0.740327
0.395218
-0.51681
1.05287
0.485941
-0.788971
-1.32188
-0.282453
1.23103
1.40992
-0.642628
-0.474881
-1.22106
1.80698
-1.4796
-1.4796
0.700467
1.30361
1.59746
0.914206
-0.812736
-1.15811
0.921588
0.950995
0.801761
-1.14514
1.20961
-0.659586
0.798462
0.771925
-0.744837
-1.02875
-0.744912
-1.49978
-1.01206
0.880769
-0.907591
1.01776
1.10559
-1.01996
-0.565964
0.701683
-0.995149
-0.727121
1.44475
1.29438
-1.28725
0.659336
1.20952
0.555063
0.289976
1.38704
-0.735377
1.10999
0.740917
0.846234
0.716656
1.44866
-1.47781
-1.38728
0.260366
-0.768037
-1.44733
-1.11331
0.930426
1.59042
-0.103506
-1.40128
-0.997546
-0.847454
-0.839305
1.0028
1.53462
-0.995839
-1.01732
-0.685839
-0.641645
0.846997
-0.552614
-1.12449
0.421488
1.43293
2.52752
-1.21394
-1.14139
0.852918
0.560637
0.793079
-0.863127
0.84006
0.344449
1.03979
-0.518715
-0.518715
1.6002
-1.02327
1.1338
-0.0883979
-0.868285
0.593094
-1.10219
-1.08009
1.09012
-1.43305
-1.00743
0.710535
-0.924641
-1.23601
0.933422
1.49872
1.36367
-1.36596
0.652893
-1.54302
0.303993
1.09119
0.897889
1.38575
0.30797
1.07098
-1.44011
1.35885
-1.00391
-1.20158
-1.34925
-0.6829
-1.47911
-0.760553
-1.37642
-1.15503
0.435011
1.07848
-0.690496
0.778815
1.36948
1.59599
0.442925
-0.312794
-1.78034
1.39289
0.882585
-1.29658
-0.961321
0.466546
0.909081
-1.45553
0.834312
-0.541512
0.775055
-1.34438
1.10436
-0.974643
-0.975336
-1.19185
-1.18165
-1.46349
-0.883073
-1.50302
0.750586
-0.509558
0.684217
0.90514
-0.742564
0.554011
-0.676014
-1.39562
1.4014
-0.532822
0.795809
1.07014
-0.771115
1.15178
1.3077
1.30294
0.847832
1.0934
1.2962
-0.875273
0.196381
1.15011
1.19629
-1.01964
-1.41169
0.15498
-1.25537
0.71415
0.974847
0.992069
1.01538
-1.37492
-1.09616
-1.00088
-0.688135
0.805327
1.2748
1.01525
-1.12638
0.587408
-1.00295
-1.33046
-0.976233
-0.995776
1.51021
1.05511
-1.00437
-0.383362
0.75976
0.523981
1.24417
-1.56606
-1.49928
1.63241
1.09004
-1.6303
1.08908
-1.0672
-0.639597
1.46186
-0.922534
1.22784
-0.648928
1.14169
0.863568
-0.695778
-0.436266
-1.64852
-1.06795
0.96745
-1.04811
1.33305
1.31515
-0.871158
1.02395
-1.54752
1.17459
0.169844
-1.21548
0.903156
-1.06416
-1.44209
-0.414495
1.08025
-1.13757
-0.838078
-0.900636
-0.781208
-1.19951
1.34123
0.865082
-0.874358
0.564613
-1.16543
-1.10678
1.19706
0.913178
-1.19581
1.00835
-0.944113
0.726319
1.09257
0.516654
1.05298
-1.00653
0.683823
1.03732
1.05897
-0.730032
0.651653
0.870025
0.870025
-0.403541
1.17984
-0.947437
0.988729
0.726748
0.726748
0.68874
0.41474
0.451698
-1.00834
-1.35238
-1.69839
1.18537
0.835282
-1.31009
1.41303
1.02799
0.620154
-1.12842
-0.592202
0.247656
0.507527
-1.17214
0.602887
-1.21509
-1.30147
0.860816
0.786087
-0.758957
1.31118
0.570262
-1.29194
-1.39306
-1.00225
-1.35252
1.26577
1.24448
0.706431
-0.478513
0.699543
0.728247
0.638034
0.998198
1.33395
-0.605055
0.755386
-0.706664
-1.28695
0.777179
0.967616
-0.853086
-0.824934
-1.14027
1.22382
1.01458
-0.73395
1.24924
1.24924
0.780249
1.26949
-0.477311
-0.709487
0.899139
1.12343
0.610181
0.710051
1.19169
-0.762772
-1.38561
2.09604
0.961534
0.977847
-1.20104
1.38283
1.1085
-0.6871
1.85209
1.04587
-0.500726
-1.41338
-1.04371
1.60099
-1.04727
1.53518
-1.84984
-1.25969
-0.748267
0.906948
0.100632
-1.1749
-1.08943
1.04826
-1.73393
-1.41234
-0.915475
-1.5307
-1.31267
-1.08667
1.13294
0.682357
-0.834834
-0.65775
1.02517
1.0054
-1.23819
0.790666
-0.68291
-0.500668
-1.02318
0.659534
1.08798
0.933469
1.20574
-1.22817
0.983448
1.307
-0.985932
-0.823242
0.255956
1.04295
0.885751
-0.824619
-1.10238
1.19435
-0.395058
-1.50558
-1.35428
-0.999909
-0.75492
0.787409
0.494259
-1.53578
1.06855
-1.31013
-1.17356
-0.947083
-0.88924
1.15802
-1.16094
-0.918958
-0.935461
-0.775507
0.783555
-1.59497
0.679326
-0.2243
0.614896
1.04843
0.707151
-1.03575
-0.996164
-0.863109
-0.960792
-0.719872
-0.86416
1.31372
1.0116
1.07068
-0.711263
1.06354
-0.305587
0.505779
0.911317
-0.974387
-0.777198
1.15461
1.83951
1.02211
-0.894018
-0.825293
1.11795
0.981962
-0.813725
-0.813725
1.29693
0.592448
1.37376
-1.05406
1.17793
0.643275
0.918401
1.29238
-0.607558
-1.5318
-0.786513
-1.26114
1.19689
1.19689
0.292017
-1.13175
-0.889225
-0.735817
0.854829
-0.52981
-0.100501
1.25192
-1.12618
0.54653
-1.10932
-1.47927
0.970209
-0.266602
-1.0921
0.890546
-0.892794
0.606559
-0.779489
1.18336
-0.942858
1.06387
-1.67083
1.14945
1.07694
1.37768
1.54225
-1.15839
-1.11184
0.980935
-0.958105
-1.24532
-1.21698
-1.38575
1.10997
1.64281
-1.32
-0.949186
-0.606309
0.223739
1.53268
-0.340783
1.63214
0.901914
-1.30269
-1.20065
0.96076
-0.257515
-0.871597
-0.817133
-1.27889
1.12669
0.786037
-1.10243
0.831583
1.08636
1.00255
-0.927614
-1.57038
1.20353
1.06707
1.00212
-1.02978
0.573163
-1.42827
0.915467
-1.12669
-1.52357
0.723125
-0.857324
-0.529723
-0.963388
1.63398
1.96824
0.304138
1.75005
-1.22138
1.39457
-1.00117
-1.16018
1.2279
-0.909183
0.906642
1.17964
-1.23162
-0.75159
-0.270914
1.59831
-0.840737
1.58508
-0.784468
1.51943
1.25158
-0.315077
-0.945194
1.17764
-0.650269
1.24608
0.914146
-0.655529
-0.771554
-0.8212
-0.792129
-1.12696
-0.966935
-0.683265
-0.683265
-1.06244
1.5762
-0.986822
-1.01932
-1.69619
1.11352
-0.657705
-0.741838
0.73494
0.967233
0.947268
-0.461852
1.05311
1.41547
1.09931
1.09931
-1.2587
-1.20374
0.173356
1.05536
0.728114
1.23614
-0.460143
-0.842343
1.36622
0.323253
0.685209
0.685209
1.0055
0.758712
-1.33128
-0.8693
-1.39954
0.64242
1.30557
-0.975362
1.11069
1.42452
1.44605
-1.28255
0.371577
-0.720299
-1.00762
1.33188
-0.670077
1.1261
-1.02681
1.3707
-1.27191
-1.29586
-0.974509
-0.889435
-0.954007
-0.734335
-0.881997
1.41321
-1.05755
0.805252
1.12687
1.83715
1.20053
0.924827
-1.07033
0.312713
-0.340543
-1.30506
1.21873
-1.59061
0.635613
0.67776
0.511455
-0.769925
-0.928854
-0.496051
-1.19088
0.78476
1.13253
1.20411
-1.42369
-1.11312
-1.34705
-0.460352
0.764539
-1.01202
-1.13797
-0.110461
-1.07933
0.874309
-1.31139
-0.744258
1.20264
-1.17063
1.08505
-1.26459
0.786647
1.27739
-0.273413
-1.24606
1.25474
0.697881
0.820859
1.30073
-1.01767
1.12281
0.724867
0.984537
0.969852
0.306427
-0.67169
-0.869209
1.54317
1.30515
-0.71036
-1.18861
-0.50962
1.36858
-0.0999231
0.814042
-0.656791
1.66169
-0.951313
1.01593
-1.40425
-0.79037
0.507737
-1.21463
-0.165604
0.783801
1.32835
1.16405
-1.34525
-1.36496
-0.730309
-0.492372
-0.33054
1.04098
-0.808798
-1.23695
1.23355
-1.07131
-0.430495
0.87398
-1.1295
-1.19396
1.2614
-0.44349
-1.47104
-0.717133
-0.641928
0.662775
-0.491652
-1.62934
-1.04617
-1.20513
-0.546671
1.22931
-1.18551
0.891608
-1.16836
1.06235
-1.21962
1.0677
1.18815
0.536183
-0.409553
-0.119642
1.2312
0.258742
-0.902269
1.6287
-0.555702
1.17962
-0.549936
-0.806813
-0.969208
1.18212
1.60009
-0.772505
0.795294
-0.570816
-1.45079
-0.665503
0.939228
1.17698
0.823392
1.30616
0.616839
-1.79252
-1.35192
0.515269
0.494891
-1.65261
-0.937689
-0.795128
-0.730823
-1.76109
1.42592
1.06373
1.72408
-1.20757
-0.851541
0.545817
0.748913
-1.33413
0.840522
1.45561
-0.324717
0.834361
-0.979858
1.12714
-1.04537
0.964021
0.691223
0.80482
-0.858229
0.683783
1.01528
-0.97619
1.11255
1.26869
-1.19534
-0.540174
1.14187
-0.636728
-0.698555
0.956622
0.742744
1.16501
-1.20516
0.932934
-1.34475
-0.834974
1.07074
-0.870396
0.839157
-1.00647
-0.959578
-0.986013
-1.05304
-0.513717
-0.573717
-0.481933
1.194
-0.711625
-1.28564
-0.793277
-1.27589
1.38437
0.490081
0.626002
0.78303
-1.00222
0.507419
1.53194
-1.22883
1.28929
-1.058
-0.766694
-0.415205
-0.722019
-1.31386
0.98548
1.20846
0.940334
-1.45773
1.11074
-0.778432
-0.726717
0.998035
0.998035
0.350238
0.945898
-0.916466
-0.695771
0.232716
-1.16775
0.544059
0.577873
-1.11606
-1.46128
0.974138
1.33888
-0.756501
-0.659503
0.905978
0.905978
-0.907193
-0.907193
0.95708
-0.843375
1.11159
-1.03114
-0.841224
-1.31023
-0.671545
0.951564
-0.885
-0.0196141
1.63108
0.910105
-1.42101
0.611199
1.29307
-0.764624
-0.516507
1.45369
0.58123
0.856712
-1.25665
1.15096
-0.772699
-0.441476
-0.576852
-1.43494
-1.05537
-1.23448
0.809896
-1.46797
-1.17138
-1.1216
1.22353
-1.84174
-1.32805
1.31783
-1.50281
0.677646
0.231164
0.893043
0.495599
-1.61075
-1.42427
0.493644
1.18303
1.03145
1.1498
-1.35016
0.382084
-0.982255
-1.18274
-1.17036
-0.609451
1.51706
1.19358
-0.69956
-1.22669
-1.08579
-1.34189
-1.19486
-1.3529
-1.31488
0.795893
-0.97348
-1.39727
-0.945917
0.216277
-1.43723
1.15564
1.07372
1.06623
0.963053
0.537214
-1.42631
-1.30786
0.879863
0.939358
-1.28503
0.64382
-1.12072
0.931308
0.273296
1.1069
-0.930863
-0.980253
-0.95483
1.41061
1.20165
0.935322
-1.24749
0.645941
0.799694
0.902835
-1.24007
1.2794
-0.678977
-1.87363
0.830256
1.72135
0.418994
1.41713
1.19114
0.228307
0.755155
1.04047
1.50873
0.628942
-0.740004
1.27273
0.874122
-1.08556
-1.10006
0.969309
-1.47815
-1.11109
-0.77657
1.34206
1.68844
0.875571
1.02699
0.881531
1.29774
1.07401
-0.973936
-1.31115
0.593836
0.927013
0.781734
0.880755
-0.865084
-0.70268
-0.519877
0.806769
-0.0626307
0.717763
-0.88827
-1.75772
-1.0301
1.03169
-1.78514
0.846235
0.552378
1.13778
-0.83684
1.65015
1.33553
1.02218
0.603715
-0.115559
-1.05126
0.742636
1.37803
0.519831
-0.932249
1.91902
0.753787
0.753165
0.881411
-1.29435
0.702245
0.0242256
-1.11477
1.20811
0.295829
0.490892
0.992093
0.749002
0.681757
-1.20327
-1.04773
-1.91958
-0.943096
0.673137
0.724435
0.801681
1.14796
-1.40767
1.10634
0.741692
1.71087
-1.12747
1.16913
-0.845099
0.669427
0.910323
1.36141
-1.45823
-1.27806
1.04349
-1.14482
0.973739
0.973739
1.05016
1.05016
1.05016
-0.85852
-0.780742
-1.2286
0.994703
-1.02064
1.04769
-1.38275
1.06143
-0.941312
0.689037
1.30423
1.09105
1.18707
0.909073
-0.737739
1.33407
1.40437
-0.964812
0.837253
-0.968665
0.640977
-0.980831
0.567975
0.964505
-1.28644
-0.0266214
-0.928505
-1.45329
1.19115
0.694029
1.0263
-0.942935
-1.06662
0.661969
-1.02415
0.638168
-1.27974
0.637065
-1.35632
0.938639
-0.559628
1.57626
1.22717
-1.26733
-0.0907351
0.756146
1.23727
-0.884146
-0.335785
1.11115
-1.13421
-0.744389
1.15289
-0.832006
-0.819233
1.28203
-0.71264
-1.50975
0.705193
