-0.188746 -0.188746 0
-0.220821 -0.204784 0.0160378 
-0.0785998 -0.162722 0.0430684 
-0.231606 -0.179943 0.0349858 
-0.0752423 -0.159003 0.0342475 
-0.0693342 -0.144058 0.0317061 
-0.217412 -0.154537 0.0287727 
-0.152259 -0.154253 0.0249195 
-0.145487 -0.153279 0.0219985 
-0.19015 -0.156966 0.0200185 
-0.143107 -0.155706 0.0181512 
-0.084327 -0.149758 0.017605 
-0.164789 -0.150914 0.0162355 
-0.231609 -0.156678 0.0160984 
-0.169068 -0.157504 0.0150096 
-0.160524 -0.157693 0.0140414 
-0.0568584 -0.151761 0.0144619 
-0.0685936 -0.147141 0.0143964 
-0.112962 -0.145342 0.013736 
-0.203951 -0.148272 0.0133565 
-0.128408 -0.147326 0.0127398 
-0.106255 -0.14546 0.0122895 
-0.246588 -0.149856 0.0125392 
-0.146509 -0.149717 0.0120062 
-0.14566 -0.149555 0.0115171 
-0.0759374 -0.146723 0.0114217 
-0.206909 -0.148952 0.0112144 
-0.121213 -0.147962 0.0108517 
-0.0654065 -0.145115 0.0108509 
-0.279157 -0.149583 0.0113955 
-0.0226518 -0.145488 0.0117577 
-0.216112 -0.147695 0.0115963 
-0.182182 -0.14874 0.0112879 
-0.15993 -0.14907 0.0109558 
-0.192023 -0.150297 0.0107088 
-0.068244 -0.148018 0.0106537 
-0.0264262 -0.144731 0.0108704 
-0.102428 -0.143618 0.0106389 
-0.144662 -0.143645 0.0103625 
-0.106171 -0.142708 0.0101435 
-0.187258 -0.143795 0.0099525 
-0.0970321 -0.142681 0.00977625 
-0.0658147 -0.140894 0.00971212 
-0.161205 -0.141355 0.00950005 
-0.228652 -0.143295 0.00948699 
-0.132661 -0.143064 0.00928134 
-0.171904 -0.143678 0.00910242 
-0.20577 -0.144971 0.00900418 
-0.14752 -0.145023 0.00881866 
-0.101006 -0.144143 0.00868522 
-0.080558 -0.142896 0.00860403 
-0.161913 -0.143262 0.00844487 
-0.0703845 -0.141887 0.00839734 
-0.204792 -0.143052 0.0083223 
-0.115339 -0.142548 0.00818511 
-0.224893 -0.144018 0.00817102 
-0.145822 -0.14405 0.00802645 
-0.0480302 -0.142394 0.00805873 
-0.199713 -0.143366 0.00798031 
-0.18014 -0.143979 0.00787008 
-0.0818803 -0.142961 0.00780665 
-0.191961 -0.143751 0.00772026 
-0.0363677 -0.142047 0.00778561 
-0.262891 -0.143935 0.00789219 
-0.179952 -0.144489 0.00778956 
-0.15074 -0.144584 0.00767121 
0.00223461 -0.142392 0.00786719 
-0.145282 -0.142435 0.00775075 
-0.192847 -0.143165 0.00767246 
-0.121165 -0.142851 0.00756859 
-0.0450919 -0.141474 0.00758721 
-0.130972 -0.141328 0.00748251 
-0.0971197 -0.140723 0.00740411 
-0.173941 -0.141172 0.00731715 
-0.086274 -0.14044 0.00725594 
-0.0500635 -0.139251 0.00725791 
-0.0704149 -0.138357 0.0072186 
-0.0661472 -0.137431 0.00718534 
-0.13803 -0.137438 0.00709381 
-0.25778 -0.138943 0.00716428 
-0.146262 -0.139033 0.00707586 
-0.0876022 -0.138406 0.00701712 
-0.231437 -0.139527 0.00702209 
-0.232532 -0.140634 0.00702579 
-0.0836062 -0.139963 0.00697498 
-0.0808916 -0.139276 0.00692753 
-0.0887641 -0.138695 0.00687201 
-0.140482 -0.138716 0.0067935 
-0.195019 -0.139348 0.00674647 
-0.110101 -0.139023 0.00667899 
-0.0743038 -0.138312 0.00664337 
-0.0919951 -0.137809 0.00659002 
-0.0867864 -0.13726 0.00654182 
-0.11228 -0.136994 0.00647731 
-0.117701 -0.136791 0.00641198 
-0.196028 -0.137408 0.00637477 
-0.223314 -0.138294 0.00637057 
-0.195615 -0.138879 0.0063323 
-0.121203 -0.1387 0.00627055 
-0.0211746 -0.137525 0.0063178 
